0 info it worked if it ends with ok
1 verbose cli [ '/usr/local/bin/node',
1 verbose cli   '/usr/local/lib/node_modules/npm/bin/npm-cli.js',
1 verbose cli   'install',
1 verbose cli   '--scripts-prepend-node-path=auto' ]
2 info using npm@6.13.2
3 info using node@v10.16.3
4 verbose npm-session 4c3662b0975beed1
5 silly install runPreinstallTopLevelLifecycles
6 silly preinstall vue-app-typescript@0.1.0
7 info lifecycle vue-app-typescript@0.1.0~preinstall: vue-app-typescript@0.1.0
8 silly install loadCurrentTree
9 silly install readLocalPackageData
10 timing stage:loadCurrentTree Completed in 1817ms
11 silly install loadIdealTree
12 silly install cloneCurrentTreeToIdealTree
13 timing stage:loadIdealTree:cloneCurrentTree Completed in 15ms
14 silly install loadShrinkwrap
15 timing stage:loadIdealTree:loadShrinkwrap Completed in 909ms
16 silly install loadAllDepsIntoIdealTree
17 http fetch GET 304 https://registry.npm.taobao.org/js-cookie 135ms (from cache)
18 silly registry:manifest no matching version for js-cookie@^2.2.4 in the cache. Forcing revalidation.
19 http fetch GET 200 https://registry.npm.taobao.org/js-cookie 79ms
20 silly fetchPackageMetaData error for js-cookie@^2.2.4 No matching version found for js-cookie@^2.2.4.
21 silly registry:manifest no matching version for js-cookie@^2.2.4 in the cache. Forcing revalidation.
22 http fetch GET 304 https://registry.npm.taobao.org/js-cookie 27ms (from cache)
23 silly fetchPackageMetaData error for js-cookie@^2.2.4 No matching version found for js-cookie@^2.2.4.
24 timing stage:rollbackFailedOptional Completed in 1ms
25 timing stage:runTopLevelLifecycles Completed in 3036ms
26 silly saveTree vue-app-typescript@0.1.0
26 silly saveTree ├─┬ @types/jest@24.0.23
26 silly saveTree │ └─┬ jest-diff@24.9.0
26 silly saveTree │   ├─┬ chalk@2.4.2
26 silly saveTree │   │ ├─┬ ansi-styles@3.2.1
26 silly saveTree │   │ │ └─┬ color-convert@1.9.3
26 silly saveTree │   │ │   └── color-name@1.1.3
26 silly saveTree │   │ ├── escape-string-regexp@1.0.5
26 silly saveTree │   │ └─┬ supports-color@5.5.0
26 silly saveTree │   │   └── has-flag@3.0.0
26 silly saveTree │   ├── diff-sequences@24.9.0
26 silly saveTree │   ├── jest-get-type@24.9.0
26 silly saveTree │   └─┬ pretty-format@24.9.0
26 silly saveTree │     ├─┬ @jest/types@24.9.0
26 silly saveTree │     │ ├── @types/istanbul-lib-coverage@2.0.1
26 silly saveTree │     │ ├─┬ @types/istanbul-reports@1.1.1
26 silly saveTree │     │ │ └── @types/istanbul-lib-report@1.1.1
26 silly saveTree │     │ └─┬ @types/yargs@13.0.3
26 silly saveTree │     │   └── @types/yargs-parser@13.1.0
26 silly saveTree │     ├── ansi-regex@4.1.0
26 silly saveTree │     └── react-is@16.12.0
26 silly saveTree ├── @types/js-cookie@2.2.4
26 silly saveTree ├── @types/nprogress@0.2.0
26 silly saveTree ├─┬ @vue/cli-plugin-babel@4.1.1
26 silly saveTree │ ├─┬ @babel/core@7.7.5
26 silly saveTree │ │ ├─┬ @babel/code-frame@7.5.5
26 silly saveTree │ │ │ └─┬ @babel/highlight@7.5.0
26 silly saveTree │ │ │   ├── esutils@2.0.3
26 silly saveTree │ │ │   └── js-tokens@4.0.0
26 silly saveTree │ │ ├─┬ @babel/generator@7.7.4
26 silly saveTree │ │ │ ├─┬ @babel/types@7.7.4
26 silly saveTree │ │ │ │ ├── lodash@4.17.15
26 silly saveTree │ │ │ │ └── to-fast-properties@2.0.0
26 silly saveTree │ │ │ ├── jsesc@2.5.2
26 silly saveTree │ │ │ ├── lodash@4.17.15
26 silly saveTree │ │ │ └── source-map@0.5.7
26 silly saveTree │ │ ├─┬ @babel/helpers@7.7.4
26 silly saveTree │ │ │ ├─┬ @babel/template@7.7.4
26 silly saveTree │ │ │ │ └── @babel/parser@7.7.5
26 silly saveTree │ │ │ └─┬ @babel/traverse@7.7.4
26 silly saveTree │ │ │   ├─┬ @babel/helper-function-name@7.7.4
26 silly saveTree │ │ │   │ └── @babel/helper-get-function-arity@7.7.4
26 silly saveTree │ │ │   ├── @babel/helper-split-export-declaration@7.7.4
26 silly saveTree │ │ │   ├─┬ debug@4.1.1
26 silly saveTree │ │ │   │ └── ms@2.1.2
26 silly saveTree │ │ │   └── globals@11.12.0
26 silly saveTree │ │ ├── @babel/parser@7.7.5
26 silly saveTree │ │ ├── @babel/template@7.7.4
26 silly saveTree │ │ ├── @babel/traverse@7.7.4
26 silly saveTree │ │ ├── @babel/types@7.7.4
26 silly saveTree │ │ ├─┬ convert-source-map@1.7.0
26 silly saveTree │ │ │ └── safe-buffer@5.1.2
26 silly saveTree │ │ ├── debug@4.1.1
26 silly saveTree │ │ ├─┬ json5@2.1.1
26 silly saveTree │ │ │ └── minimist@1.2.0
26 silly saveTree │ │ ├── lodash@4.17.15
26 silly saveTree │ │ ├─┬ resolve@1.13.1
26 silly saveTree │ │ │ └── path-parse@1.0.6
26 silly saveTree │ │ ├── semver@5.7.1
26 silly saveTree │ │ └── source-map@0.5.7
26 silly saveTree │ ├─┬ @vue/babel-preset-app@4.1.1
26 silly saveTree │ │ ├── @babel/helper-module-imports@7.7.4
26 silly saveTree │ │ ├─┬ @babel/plugin-proposal-class-properties@7.7.4
26 silly saveTree │ │ │ ├─┬ @babel/helper-create-class-features-plugin@7.7.4
26 silly saveTree │ │ │ │ ├── @babel/helper-member-expression-to-functions@7.7.4
26 silly saveTree │ │ │ │ ├── @babel/helper-optimise-call-expression@7.7.4
26 silly saveTree │ │ │ │ ├── @babel/helper-plugin-utils@7.0.0
26 silly saveTree │ │ │ │ └── @babel/helper-replace-supers@7.7.4
26 silly saveTree │ │ │ └── @babel/helper-plugin-utils@7.0.0
26 silly saveTree │ │ ├─┬ @babel/plugin-proposal-decorators@7.7.4
26 silly saveTree │ │ │ └── @babel/plugin-syntax-decorators@7.7.4
26 silly saveTree │ │ ├── @babel/plugin-syntax-dynamic-import@7.7.4
26 silly saveTree │ │ ├── @babel/plugin-syntax-jsx@7.7.4
26 silly saveTree │ │ ├── @babel/plugin-transform-runtime@7.7.6
26 silly saveTree │ │ ├─┬ @babel/preset-env@7.7.6
26 silly saveTree │ │ │ ├─┬ @babel/plugin-proposal-async-generator-functions@7.7.4
26 silly saveTree │ │ │ │ ├─┬ @babel/helper-remap-async-to-generator@7.7.4
26 silly saveTree │ │ │ │ │ ├── @babel/helper-annotate-as-pure@7.7.4
26 silly saveTree │ │ │ │ │ └── @babel/helper-wrap-function@7.7.4
26 silly saveTree │ │ │ │ └── @babel/plugin-syntax-async-generators@7.7.4
26 silly saveTree │ │ │ ├── @babel/plugin-proposal-dynamic-import@7.7.4
26 silly saveTree │ │ │ ├─┬ @babel/plugin-proposal-json-strings@7.7.4
26 silly saveTree │ │ │ │ └── @babel/plugin-syntax-json-strings@7.7.4
26 silly saveTree │ │ │ ├─┬ @babel/plugin-proposal-object-rest-spread@7.7.4
26 silly saveTree │ │ │ │ └── @babel/plugin-syntax-object-rest-spread@7.7.4
26 silly saveTree │ │ │ ├─┬ @babel/plugin-proposal-optional-catch-binding@7.7.4
26 silly saveTree │ │ │ │ └── @babel/plugin-syntax-optional-catch-binding@7.7.4
26 silly saveTree │ │ │ ├─┬ @babel/plugin-proposal-unicode-property-regex@7.7.4
26 silly saveTree │ │ │ │ └─┬ @babel/helper-create-regexp-features-plugin@7.7.4
26 silly saveTree │ │ │ │   ├── @babel/helper-regex@7.5.5
26 silly saveTree │ │ │ │   └─┬ regexpu-core@4.6.0
26 silly saveTree │ │ │ │     ├─┬ regenerate-unicode-properties@8.1.0
26 silly saveTree │ │ │ │     │ └── regenerate@1.4.0
26 silly saveTree │ │ │ │     ├── regenerate@1.4.0
26 silly saveTree │ │ │ │     ├── regjsgen@0.5.1
26 silly saveTree │ │ │ │     ├─┬ regjsparser@0.6.0
26 silly saveTree │ │ │ │     │ └── jsesc@0.5.0
26 silly saveTree │ │ │ │     ├─┬ unicode-match-property-ecmascript@1.0.4
26 silly saveTree │ │ │ │     │ ├── unicode-canonical-property-names-ecmascript@1.0.4
26 silly saveTree │ │ │ │     │ └── unicode-property-aliases-ecmascript@1.0.5
26 silly saveTree │ │ │ │     └── unicode-match-property-value-ecmascript@1.1.0
26 silly saveTree │ │ │ ├── @babel/plugin-syntax-async-generators@7.7.4
26 silly saveTree │ │ │ ├── @babel/plugin-syntax-json-strings@7.7.4
26 silly saveTree │ │ │ ├── @babel/plugin-syntax-object-rest-spread@7.7.4
26 silly saveTree │ │ │ ├── @babel/plugin-syntax-optional-catch-binding@7.7.4
26 silly saveTree │ │ │ ├── @babel/plugin-syntax-top-level-await@7.7.4
26 silly saveTree │ │ │ ├── @babel/plugin-transform-arrow-functions@7.7.4
26 silly saveTree │ │ │ ├── @babel/plugin-transform-async-to-generator@7.7.4
26 silly saveTree │ │ │ ├── @babel/plugin-transform-block-scoped-functions@7.7.4
26 silly saveTree │ │ │ ├── @babel/plugin-transform-block-scoping@7.7.4
26 silly saveTree │ │ │ ├─┬ @babel/plugin-transform-classes@7.7.4
26 silly saveTree │ │ │ │ └── @babel/helper-define-map@7.7.4
26 silly saveTree │ │ │ ├── @babel/plugin-transform-computed-properties@7.7.4
26 silly saveTree │ │ │ ├── @babel/plugin-transform-destructuring@7.7.4
26 silly saveTree │ │ │ ├── @babel/plugin-transform-dotall-regex@7.7.4
26 silly saveTree │ │ │ ├── @babel/plugin-transform-duplicate-keys@7.7.4
26 silly saveTree │ │ │ ├─┬ @babel/plugin-transform-exponentiation-operator@7.7.4
26 silly saveTree │ │ │ │ └─┬ @babel/helper-builder-binary-assignment-operator-visitor@7.7.4
26 silly saveTree │ │ │ │   └── @babel/helper-explode-assignable-expression@7.7.4
26 silly saveTree │ │ │ ├── @babel/plugin-transform-for-of@7.7.4
26 silly saveTree │ │ │ ├── @babel/plugin-transform-function-name@7.7.4
26 silly saveTree │ │ │ ├── @babel/plugin-transform-literals@7.7.4
26 silly saveTree │ │ │ ├── @babel/plugin-transform-member-expression-literals@7.7.4
26 silly saveTree │ │ │ ├─┬ @babel/plugin-transform-modules-amd@7.7.5
26 silly saveTree │ │ │ │ ├─┬ @babel/helper-module-transforms@7.7.5
26 silly saveTree │ │ │ │ │ └── @babel/helper-simple-access@7.7.4
26 silly saveTree │ │ │ │ └─┬ babel-plugin-dynamic-import-node@2.3.0
26 silly saveTree │ │ │ │   └─┬ object.assign@4.1.0
26 silly saveTree │ │ │ │     ├─┬ define-properties@1.1.3
26 silly saveTree │ │ │ │     │ └── object-keys@1.1.1
26 silly saveTree │ │ │ │     ├── function-bind@1.1.1
26 silly saveTree │ │ │ │     ├── has-symbols@1.0.1
26 silly saveTree │ │ │ │     └── object-keys@1.1.1
26 silly saveTree │ │ │ ├── @babel/plugin-transform-modules-commonjs@7.7.5
26 silly saveTree │ │ │ ├─┬ @babel/plugin-transform-modules-systemjs@7.7.4
26 silly saveTree │ │ │ │ └── @babel/helper-hoist-variables@7.7.4
26 silly saveTree │ │ │ ├── @babel/plugin-transform-modules-umd@7.7.4
26 silly saveTree │ │ │ ├── @babel/plugin-transform-named-capturing-groups-regex@7.7.4
26 silly saveTree │ │ │ ├── @babel/plugin-transform-new-target@7.7.4
26 silly saveTree │ │ │ ├── @babel/plugin-transform-object-super@7.7.4
26 silly saveTree │ │ │ ├─┬ @babel/plugin-transform-parameters@7.7.4
26 silly saveTree │ │ │ │ └── @babel/helper-call-delegate@7.7.4
26 silly saveTree │ │ │ ├── @babel/plugin-transform-property-literals@7.7.4
26 silly saveTree │ │ │ ├─┬ @babel/plugin-transform-regenerator@7.7.5
26 silly saveTree │ │ │ │ └─┬ regenerator-transform@0.14.1
26 silly saveTree │ │ │ │   └── private@0.1.8
26 silly saveTree │ │ │ ├── @babel/plugin-transform-reserved-words@7.7.4
26 silly saveTree │ │ │ ├── @babel/plugin-transform-shorthand-properties@7.7.4
26 silly saveTree │ │ │ ├── @babel/plugin-transform-spread@7.7.4
26 silly saveTree │ │ │ ├── @babel/plugin-transform-sticky-regex@7.7.4
26 silly saveTree │ │ │ ├── @babel/plugin-transform-template-literals@7.7.4
26 silly saveTree │ │ │ ├── @babel/plugin-transform-typeof-symbol@7.7.4
26 silly saveTree │ │ │ ├── @babel/plugin-transform-unicode-regex@7.7.4
26 silly saveTree │ │ │ ├─┬ browserslist@4.8.2
26 silly saveTree │ │ │ │ ├── caniuse-lite@1.0.30001015
26 silly saveTree │ │ │ │ ├── electron-to-chromium@1.3.322
26 silly saveTree │ │ │ │ └─┬ node-releases@1.1.42
26 silly saveTree │ │ │ │   └── semver@6.3.0
26 silly saveTree │ │ │ ├─┬ core-js-compat@3.4.7
26 silly saveTree │ │ │ │ └── semver@6.3.0
26 silly saveTree │ │ │ ├─┬ invariant@2.2.4
26 silly saveTree │ │ │ │ └── loose-envify@1.4.0
26 silly saveTree │ │ │ └── js-levenshtein@1.1.6
26 silly saveTree │ │ ├─┬ @babel/runtime@7.7.6
26 silly saveTree │ │ │ └── regenerator-runtime@0.13.3
26 silly saveTree │ │ ├─┬ @vue/babel-preset-jsx@1.1.2
26 silly saveTree │ │ │ ├── @vue/babel-helper-vue-jsx-merge-props@1.0.0
26 silly saveTree │ │ │ ├─┬ @vue/babel-plugin-transform-vue-jsx@1.1.2
26 silly saveTree │ │ │ │ ├── html-tags@2.0.0
26 silly saveTree │ │ │ │ ├── lodash.kebabcase@4.1.1
26 silly saveTree │ │ │ │ └── svg-tags@1.0.0
26 silly saveTree │ │ │ ├── @vue/babel-sugar-functional-vue@1.1.2
26 silly saveTree │ │ │ ├── @vue/babel-sugar-inject-h@1.1.2
26 silly saveTree │ │ │ ├─┬ @vue/babel-sugar-v-model@1.1.2
26 silly saveTree │ │ │ │ └── camelcase@5.3.1
26 silly saveTree │ │ │ └── @vue/babel-sugar-v-on@1.1.2
26 silly saveTree │ │ ├── babel-plugin-dynamic-import-node@2.3.0
26 silly saveTree │ │ ├── core-js-compat@3.4.7
26 silly saveTree │ │ └── core-js@3.4.7
26 silly saveTree │ ├─┬ @vue/cli-shared-utils@4.1.1
26 silly saveTree │ │ ├─┬ @hapi/joi@15.1.1
26 silly saveTree │ │ │ ├── @hapi/address@2.1.4
26 silly saveTree │ │ │ ├── @hapi/bourne@1.3.2
26 silly saveTree │ │ │ ├── @hapi/hoek@8.5.0
26 silly saveTree │ │ │ └── @hapi/topo@3.1.6
26 silly saveTree │ │ ├─┬ execa@1.0.0
26 silly saveTree │ │ │ ├─┬ cross-spawn@6.0.5
26 silly saveTree │ │ │ │ ├── nice-try@1.0.5
26 silly saveTree │ │ │ │ ├── path-key@2.0.1
26 silly saveTree │ │ │ │ ├─┬ shebang-command@1.2.0
26 silly saveTree │ │ │ │ │ └── shebang-regex@1.0.0
26 silly saveTree │ │ │ │ └─┬ which@1.3.1
26 silly saveTree │ │ │ │   └── isexe@2.0.0
26 silly saveTree │ │ │ ├─┬ get-stream@4.1.0
26 silly saveTree │ │ │ │ └─┬ pump@3.0.0
26 silly saveTree │ │ │ │   ├─┬ end-of-stream@1.4.4
26 silly saveTree │ │ │ │   │ └─┬ once@1.4.0
26 silly saveTree │ │ │ │   │   └── wrappy@1.0.2
26 silly saveTree │ │ │ │   └── once@1.4.0
26 silly saveTree │ │ │ ├── is-stream@1.1.0
26 silly saveTree │ │ │ ├── npm-run-path@2.0.2
26 silly saveTree │ │ │ ├── p-finally@1.0.0
26 silly saveTree │ │ │ ├── signal-exit@3.0.2
26 silly saveTree │ │ │ └── strip-eof@1.0.0
26 silly saveTree │ │ ├─┬ launch-editor@2.2.1
26 silly saveTree │ │ │ └── shell-quote@1.7.2
26 silly saveTree │ │ ├─┬ lru-cache@5.1.1
26 silly saveTree │ │ │ └── yallist@3.1.1
26 silly saveTree │ │ ├─┬ node-ipc@9.1.1
26 silly saveTree │ │ │ ├── event-pubsub@4.3.0
26 silly saveTree │ │ │ ├── js-message@1.0.5
26 silly saveTree │ │ │ └─┬ js-queue@2.0.0
26 silly saveTree │ │ │   └── easy-stack@1.0.0
26 silly saveTree │ │ ├─┬ open@6.4.0
26 silly saveTree │ │ │ └── is-wsl@1.1.0
26 silly saveTree │ │ ├─┬ ora@3.4.0
26 silly saveTree │ │ │ ├─┬ cli-cursor@2.1.0
26 silly saveTree │ │ │ │ └─┬ restore-cursor@2.0.0
26 silly saveTree │ │ │ │   └─┬ onetime@2.0.1
26 silly saveTree │ │ │ │     └── mimic-fn@1.2.0
26 silly saveTree │ │ │ ├── cli-spinners@2.2.0
26 silly saveTree │ │ │ ├── log-symbols@2.2.0
26 silly saveTree │ │ │ ├── strip-ansi@5.2.0
26 silly saveTree │ │ │ └─┬ wcwidth@1.0.1
26 silly saveTree │ │ │   └─┬ defaults@1.0.3
26 silly saveTree │ │ │     └── clone@1.0.4
26 silly saveTree │ │ ├─┬ request-promise-native@1.0.8
26 silly saveTree │ │ │ ├── request-promise-core@1.1.3
26 silly saveTree │ │ │ ├── stealthy-require@1.1.1
26 silly saveTree │ │ │ └─┬ tough-cookie@2.4.3
26 silly saveTree │ │ │   ├── psl@1.6.0
26 silly saveTree │ │ │   └── punycode@1.4.1
26 silly saveTree │ │ ├─┬ request@2.88.0
26 silly saveTree │ │ │ ├── aws-sign2@0.7.0
26 silly saveTree │ │ │ ├── aws4@1.9.0
26 silly saveTree │ │ │ ├── caseless@0.12.0
26 silly saveTree │ │ │ ├─┬ combined-stream@1.0.8
26 silly saveTree │ │ │ │ └── delayed-stream@1.0.0
26 silly saveTree │ │ │ ├── extend@3.0.2
26 silly saveTree │ │ │ ├── forever-agent@0.6.1
26 silly saveTree │ │ │ ├─┬ form-data@2.3.3
26 silly saveTree │ │ │ │ ├── asynckit@0.4.0
26 silly saveTree │ │ │ │ └─┬ mime-types@2.1.25
26 silly saveTree │ │ │ │   └── mime-db@1.42.0
26 silly saveTree │ │ │ ├─┬ har-validator@5.1.3
26 silly saveTree │ │ │ │ ├─┬ ajv@6.10.2
26 silly saveTree │ │ │ │ │ ├── fast-deep-equal@2.0.1
26 silly saveTree │ │ │ │ │ ├── fast-json-stable-stringify@2.0.0
26 silly saveTree │ │ │ │ │ ├── json-schema-traverse@0.4.1
26 silly saveTree │ │ │ │ │ └─┬ uri-js@4.2.2
26 silly saveTree │ │ │ │ │   └── punycode@2.1.1
26 silly saveTree │ │ │ │ └── har-schema@2.0.0
26 silly saveTree │ │ │ ├─┬ http-signature@1.2.0
26 silly saveTree │ │ │ │ ├── assert-plus@1.0.0
26 silly saveTree │ │ │ │ ├─┬ jsprim@1.4.1
26 silly saveTree │ │ │ │ │ ├── extsprintf@1.3.0
26 silly saveTree │ │ │ │ │ ├── json-schema@0.2.3
26 silly saveTree │ │ │ │ │ └─┬ verror@1.10.0
26 silly saveTree │ │ │ │ │   └── core-util-is@1.0.2
26 silly saveTree │ │ │ │ └─┬ sshpk@1.16.1
26 silly saveTree │ │ │ │   ├─┬ asn1@0.2.4
26 silly saveTree │ │ │ │   │ └── safer-buffer@2.1.2
26 silly saveTree │ │ │ │   ├─┬ bcrypt-pbkdf@1.0.2
26 silly saveTree │ │ │ │   │ └── tweetnacl@0.14.5
26 silly saveTree │ │ │ │   ├── dashdash@1.14.1
26 silly saveTree │ │ │ │   ├─┬ ecc-jsbn@0.1.2
26 silly saveTree │ │ │ │   │ └── jsbn@0.1.1
26 silly saveTree │ │ │ │   ├── getpass@0.1.7
26 silly saveTree │ │ │ │   ├── jsbn@0.1.1
26 silly saveTree │ │ │ │   ├── safer-buffer@2.1.2
26 silly saveTree │ │ │ │   └── tweetnacl@0.14.5
26 silly saveTree │ │ │ ├── is-typedarray@1.0.0
26 silly saveTree │ │ │ ├── isstream@0.1.2
26 silly saveTree │ │ │ ├── json-stringify-safe@5.0.1
26 silly saveTree │ │ │ ├── mime-types@2.1.25
26 silly saveTree │ │ │ ├── oauth-sign@0.9.0
26 silly saveTree │ │ │ ├── performance-now@2.1.0
26 silly saveTree │ │ │ ├── qs@6.5.2
26 silly saveTree │ │ │ ├── tunnel-agent@0.6.0
26 silly saveTree │ │ │ └── uuid@3.3.3
26 silly saveTree │ │ ├── semver@6.3.0
26 silly saveTree │ │ ├─┬ string.prototype.padstart@3.0.0
26 silly saveTree │ │ │ └─┬ es-abstract@1.16.3
26 silly saveTree │ │ │   ├─┬ es-to-primitive@1.2.1
26 silly saveTree │ │ │   │ ├── is-callable@1.1.4
26 silly saveTree │ │ │   │ ├── is-date-object@1.0.1
26 silly saveTree │ │ │   │ └── is-symbol@1.0.3
26 silly saveTree │ │ │   ├── has@1.0.3
26 silly saveTree │ │ │   ├── is-callable@1.1.4
26 silly saveTree │ │ │   ├── is-regex@1.0.4
26 silly saveTree │ │ │   ├── object-inspect@1.7.0
26 silly saveTree │ │ │   ├── string.prototype.trimleft@2.1.0
26 silly saveTree │ │ │   └── string.prototype.trimright@2.1.0
26 silly saveTree │ │ └─┬ strip-ansi@6.0.0
26 silly saveTree │ │   └── ansi-regex@5.0.0
26 silly saveTree │ ├─┬ babel-loader@8.0.6
26 silly saveTree │ │ ├─┬ find-cache-dir@2.1.0
26 silly saveTree │ │ │ ├── commondir@1.0.1
26 silly saveTree │ │ │ ├─┬ make-dir@2.1.0
26 silly saveTree │ │ │ │ └── pify@4.0.1
26 silly saveTree │ │ │ └─┬ pkg-dir@3.0.0
26 silly saveTree │ │ │   └─┬ find-up@3.0.0
26 silly saveTree │ │ │     └─┬ locate-path@3.0.0
26 silly saveTree │ │ │       ├─┬ p-locate@3.0.0
26 silly saveTree │ │ │       │ └─┬ p-limit@2.2.1
26 silly saveTree │ │ │       │   └── p-try@2.2.0
26 silly saveTree │ │ │       └── path-exists@3.0.0
26 silly saveTree │ │ ├─┬ loader-utils@1.2.3
26 silly saveTree │ │ │ ├── big.js@5.2.2
26 silly saveTree │ │ │ ├── emojis-list@2.1.0
26 silly saveTree │ │ │ └── json5@1.0.1
26 silly saveTree │ │ ├─┬ mkdirp@0.5.1
26 silly saveTree │ │ │ └── minimist@0.0.8
26 silly saveTree │ │ └── pify@4.0.1
26 silly saveTree │ ├─┬ cache-loader@4.1.0
26 silly saveTree │ │ ├── buffer-json@2.0.0
26 silly saveTree │ │ ├─┬ find-cache-dir@3.1.0
26 silly saveTree │ │ │ ├─┬ make-dir@3.0.0
26 silly saveTree │ │ │ │ └── semver@6.3.0
26 silly saveTree │ │ │ └─┬ pkg-dir@4.2.0
26 silly saveTree │ │ │   └─┬ find-up@4.1.0
26 silly saveTree │ │ │     ├─┬ locate-path@5.0.0
26 silly saveTree │ │ │     │ └── p-locate@4.1.0
26 silly saveTree │ │ │     └── path-exists@4.0.0
26 silly saveTree │ │ ├── neo-async@2.6.1
26 silly saveTree │ │ └─┬ schema-utils@2.6.1
26 silly saveTree │ │   └── ajv-keywords@3.4.1
26 silly saveTree │ ├─┬ thread-loader@2.1.3
26 silly saveTree │ │ └── loader-runner@2.4.0
26 silly saveTree │ └─┬ webpack@4.41.2
26 silly saveTree │   ├─┬ @webassemblyjs/ast@1.8.5
26 silly saveTree │   │ ├─┬ @webassemblyjs/helper-module-context@1.8.5
26 silly saveTree │   │ │ └── mamacro@0.0.3
26 silly saveTree │   │ ├── @webassemblyjs/helper-wasm-bytecode@1.8.5
26 silly saveTree │   │ └─┬ @webassemblyjs/wast-parser@1.8.5
26 silly saveTree │   │   ├── @webassemblyjs/floating-point-hex-parser@1.8.5
26 silly saveTree │   │   ├── @webassemblyjs/helper-api-error@1.8.5
26 silly saveTree │   │   ├─┬ @webassemblyjs/helper-code-frame@1.8.5
26 silly saveTree │   │   │ └─┬ @webassemblyjs/wast-printer@1.8.5
26 silly saveTree │   │   │   └── @xtuc/long@4.2.2
26 silly saveTree │   │   ├── @webassemblyjs/helper-fsm@1.8.5
26 silly saveTree │   │   └── @xtuc/long@4.2.2
26 silly saveTree │   ├── @webassemblyjs/helper-module-context@1.8.5
26 silly saveTree │   ├─┬ @webassemblyjs/wasm-edit@1.8.5
26 silly saveTree │   │ ├── @webassemblyjs/helper-buffer@1.8.5
26 silly saveTree │   │ ├─┬ @webassemblyjs/helper-wasm-section@1.8.5
26 silly saveTree │   │ │ └─┬ @webassemblyjs/wasm-gen@1.8.5
26 silly saveTree │   │ │   ├─┬ @webassemblyjs/ieee754@1.8.5
26 silly saveTree │   │ │   │ └── @xtuc/ieee754@1.2.0
26 silly saveTree │   │ │   ├── @webassemblyjs/leb128@1.8.5
26 silly saveTree │   │ │   └── @webassemblyjs/utf8@1.8.5
26 silly saveTree │   │ ├── @webassemblyjs/wasm-gen@1.8.5
26 silly saveTree │   │ ├─┬ @webassemblyjs/wasm-opt@1.8.5
26 silly saveTree │   │ │ └── @webassemblyjs/wasm-parser@1.8.5
26 silly saveTree │   │ └── @webassemblyjs/wasm-parser@1.8.5
26 silly saveTree │   ├── @webassemblyjs/wasm-parser@1.8.5
26 silly saveTree │   ├── acorn@6.4.0
26 silly saveTree │   ├─┬ chrome-trace-event@1.0.2
26 silly saveTree │   │ └── tslib@1.10.0
26 silly saveTree │   ├─┬ enhanced-resolve@4.1.1
26 silly saveTree │   │ ├── graceful-fs@4.2.3
26 silly saveTree │   │ ├─┬ memory-fs@0.5.0
26 silly saveTree │   │ │ ├─┬ errno@0.1.7
26 silly saveTree │   │ │ │ └── prr@1.0.1
26 silly saveTree │   │ │ └─┬ readable-stream@2.3.6
26 silly saveTree │   │ │   ├── inherits@2.0.4
26 silly saveTree │   │ │   ├── isarray@1.0.0
26 silly saveTree │   │ │   ├── process-nextick-args@2.0.1
26 silly saveTree │   │ │   ├── string_decoder@1.1.1
26 silly saveTree │   │ │   └── util-deprecate@1.0.2
26 silly saveTree │   │ └── tapable@1.1.3
26 silly saveTree │   ├─┬ eslint-scope@4.0.3
26 silly saveTree │   │ ├─┬ esrecurse@4.2.1
26 silly saveTree │   │ │ └── estraverse@4.3.0
26 silly saveTree │   │ └── estraverse@4.3.0
26 silly saveTree │   ├── json-parse-better-errors@1.0.2
26 silly saveTree │   ├── memory-fs@0.4.1
26 silly saveTree │   ├─┬ micromatch@3.1.10
26 silly saveTree │   │ ├── arr-diff@4.0.0
26 silly saveTree │   │ ├── array-unique@0.3.2
26 silly saveTree │   │ ├─┬ braces@2.3.2
26 silly saveTree │   │ │ ├── arr-flatten@1.1.0
26 silly saveTree │   │ │ ├─┬ extend-shallow@2.0.1
26 silly saveTree │   │ │ │ └── is-extendable@0.1.1
26 silly saveTree │   │ │ ├─┬ fill-range@4.0.0
26 silly saveTree │   │ │ │ ├── extend-shallow@2.0.1
26 silly saveTree │   │ │ │ ├─┬ is-number@3.0.0
26 silly saveTree │   │ │ │ │ └─┬ kind-of@3.2.2
26 silly saveTree │   │ │ │ │   └── is-buffer@1.1.6
26 silly saveTree │   │ │ │ ├── repeat-string@1.6.1
26 silly saveTree │   │ │ │ └── to-regex-range@2.1.1
26 silly saveTree │   │ │ ├── isobject@3.0.1
26 silly saveTree │   │ │ ├── repeat-element@1.1.3
26 silly saveTree │   │ │ ├─┬ snapdragon-node@2.1.1
26 silly saveTree │   │ │ │ ├─┬ define-property@1.0.0
26 silly saveTree │   │ │ │ │ └─┬ is-descriptor@1.0.2
26 silly saveTree │   │ │ │ │   ├─┬ is-accessor-descriptor@1.0.0
26 silly saveTree │   │ │ │ │   │ └── kind-of@6.0.2
26 silly saveTree │   │ │ │ │   ├── is-data-descriptor@1.0.0
26 silly saveTree │   │ │ │ │   └── kind-of@6.0.2
26 silly saveTree │   │ │ │ └─┬ snapdragon-util@3.0.1
26 silly saveTree │   │ │ │   └── kind-of@3.2.2
26 silly saveTree │   │ │ ├─┬ snapdragon@0.8.2
26 silly saveTree │   │ │ │ ├─┬ base@0.11.2
26 silly saveTree │   │ │ │ │ ├─┬ cache-base@1.0.1
26 silly saveTree │   │ │ │ │ │ ├─┬ collection-visit@1.0.0
26 silly saveTree │   │ │ │ │ │ │ ├─┬ map-visit@1.0.0
26 silly saveTree │   │ │ │ │ │ │ │ └── object-visit@1.0.1
26 silly saveTree │   │ │ │ │ │ │ └── object-visit@1.0.1
26 silly saveTree │   │ │ │ │ │ ├── component-emitter@1.3.0
26 silly saveTree │   │ │ │ │ │ ├── get-value@2.0.6
26 silly saveTree │   │ │ │ │ │ ├─┬ has-value@1.0.0
26 silly saveTree │   │ │ │ │ │ │ └─┬ has-values@1.0.0
26 silly saveTree │   │ │ │ │ │ │   └── kind-of@4.0.0
26 silly saveTree │   │ │ │ │ │ ├─┬ set-value@2.0.1
26 silly saveTree │   │ │ │ │ │ │ ├── extend-shallow@2.0.1
26 silly saveTree │   │ │ │ │ │ │ ├── is-plain-object@2.0.4
26 silly saveTree │   │ │ │ │ │ │ └─┬ split-string@3.1.0
26 silly saveTree │   │ │ │ │ │ │   └─┬ extend-shallow@3.0.2
26 silly saveTree │   │ │ │ │ │ │     ├── assign-symbols@1.0.0
26 silly saveTree │   │ │ │ │ │ │     └── is-extendable@1.0.1
26 silly saveTree │   │ │ │ │ │ ├─┬ to-object-path@0.3.0
26 silly saveTree │   │ │ │ │ │ │ └── kind-of@3.2.2
26 silly saveTree │   │ │ │ │ │ ├─┬ union-value@1.0.1
26 silly saveTree │   │ │ │ │ │ │ └── arr-union@3.1.0
26 silly saveTree │   │ │ │ │ │ └─┬ unset-value@1.0.0
26 silly saveTree │   │ │ │ │ │   └─┬ has-value@0.3.1
26 silly saveTree │   │ │ │ │ │     ├── has-values@0.1.4
26 silly saveTree │   │ │ │ │ │     └── isobject@2.1.0
26 silly saveTree │   │ │ │ │ ├─┬ class-utils@0.3.6
26 silly saveTree │   │ │ │ │ │ ├─┬ define-property@0.2.5
26 silly saveTree │   │ │ │ │ │ │ └─┬ is-descriptor@0.1.6
26 silly saveTree │   │ │ │ │ │ │   ├─┬ is-accessor-descriptor@0.1.6
26 silly saveTree │   │ │ │ │ │ │   │ └── kind-of@3.2.2
26 silly saveTree │   │ │ │ │ │ │   ├─┬ is-data-descriptor@0.1.4
26 silly saveTree │   │ │ │ │ │ │   │ └── kind-of@3.2.2
26 silly saveTree │   │ │ │ │ │ │   └── kind-of@5.1.0
26 silly saveTree │   │ │ │ │ │ └─┬ static-extend@0.1.2
26 silly saveTree │   │ │ │ │ │   ├── define-property@0.2.5
26 silly saveTree │   │ │ │ │ │   └─┬ object-copy@0.1.0
26 silly saveTree │   │ │ │ │ │     ├── copy-descriptor@0.1.1
26 silly saveTree │   │ │ │ │ │     ├── define-property@0.2.5
26 silly saveTree │   │ │ │ │ │     └── kind-of@3.2.2
26 silly saveTree │   │ │ │ │ ├── component-emitter@1.3.0
26 silly saveTree │   │ │ │ │ ├─┬ define-property@1.0.0
26 silly saveTree │   │ │ │ │ │ └─┬ is-descriptor@1.0.2
26 silly saveTree │   │ │ │ │ │   ├── is-accessor-descriptor@1.0.0
26 silly saveTree │   │ │ │ │ │   └── is-data-descriptor@1.0.0
26 silly saveTree │   │ │ │ │ ├─┬ mixin-deep@1.3.2
26 silly saveTree │   │ │ │ │ │ ├── for-in@1.0.2
26 silly saveTree │   │ │ │ │ │ └── is-extendable@1.0.1
26 silly saveTree │   │ │ │ │ └── pascalcase@0.1.1
26 silly saveTree │   │ │ │ ├─┬ debug@2.6.9
26 silly saveTree │   │ │ │ │ └── ms@2.0.0
26 silly saveTree │   │ │ │ ├── define-property@0.2.5
26 silly saveTree │   │ │ │ ├── extend-shallow@2.0.1
26 silly saveTree │   │ │ │ ├── map-cache@0.2.2
26 silly saveTree │   │ │ │ ├─┬ source-map-resolve@0.5.2
26 silly saveTree │   │ │ │ │ ├── atob@2.1.2
26 silly saveTree │   │ │ │ │ ├── decode-uri-component@0.2.0
26 silly saveTree │   │ │ │ │ ├── resolve-url@0.2.1
26 silly saveTree │   │ │ │ │ ├── source-map-url@0.4.0
26 silly saveTree │   │ │ │ │ └── urix@0.1.0
26 silly saveTree │   │ │ │ └── use@3.1.1
26 silly saveTree │   │ │ ├── split-string@3.1.0
26 silly saveTree │   │ │ └─┬ to-regex@3.0.2
26 silly saveTree │   │ │   ├─┬ define-property@2.0.2
26 silly saveTree │   │ │   │ └─┬ is-descriptor@1.0.2
26 silly saveTree │   │ │   │   ├── is-accessor-descriptor@1.0.0
26 silly saveTree │   │ │   │   └── is-data-descriptor@1.0.0
26 silly saveTree │   │ │   ├─┬ regex-not@1.0.2
26 silly saveTree │   │ │   │ └─┬ safe-regex@1.1.0
26 silly saveTree │   │ │   │   └── ret@0.1.15
26 silly saveTree │   │ │   └── safe-regex@1.1.0
26 silly saveTree │   │ ├── define-property@2.0.2
26 silly saveTree │   │ ├── extend-shallow@3.0.2
26 silly saveTree │   │ ├─┬ extglob@2.0.4
26 silly saveTree │   │ │ ├─┬ define-property@1.0.0
26 silly saveTree │   │ │ │ └─┬ is-descriptor@1.0.2
26 silly saveTree │   │ │ │   ├── is-accessor-descriptor@1.0.0
26 silly saveTree │   │ │ │   └── is-data-descriptor@1.0.0
26 silly saveTree │   │ │ ├─┬ expand-brackets@2.1.4
26 silly saveTree │   │ │ │ ├─┬ debug@2.6.9
26 silly saveTree │   │ │ │ │ └── ms@2.0.0
26 silly saveTree │   │ │ │ ├── define-property@0.2.5
26 silly saveTree │   │ │ │ ├── extend-shallow@2.0.1
26 silly saveTree │   │ │ │ └── posix-character-classes@0.1.1
26 silly saveTree │   │ │ ├── extend-shallow@2.0.1
26 silly saveTree │   │ │ └── fragment-cache@0.2.1
26 silly saveTree │   │ ├── fragment-cache@0.2.1
26 silly saveTree │   │ ├── kind-of@6.0.2
26 silly saveTree │   │ ├─┬ nanomatch@1.2.13
26 silly saveTree │   │ │ ├── is-windows@1.0.2
26 silly saveTree │   │ │ └── object.pick@1.3.0
26 silly saveTree │   │ ├── object.pick@1.3.0
26 silly saveTree │   │ ├── regex-not@1.0.2
26 silly saveTree │   │ ├── snapdragon@0.8.2
26 silly saveTree │   │ └── to-regex@3.0.2
26 silly saveTree │   ├─┬ node-libs-browser@2.2.1
26 silly saveTree │   │ ├─┬ assert@1.5.0
26 silly saveTree │   │ │ ├── object-assign@4.1.1
26 silly saveTree │   │ │ └─┬ util@0.10.3
26 silly saveTree │   │ │   └── inherits@2.0.1
26 silly saveTree │   │ ├─┬ browserify-zlib@0.2.0
26 silly saveTree │   │ │ └── pako@1.0.10
26 silly saveTree │   │ ├─┬ buffer@4.9.2
26 silly saveTree │   │ │ ├── base64-js@1.3.1
26 silly saveTree │   │ │ └── ieee754@1.1.13
26 silly saveTree │   │ ├── console-browserify@1.2.0
26 silly saveTree │   │ ├── constants-browserify@1.0.0
26 silly saveTree │   │ ├─┬ crypto-browserify@3.12.0
26 silly saveTree │   │ │ ├─┬ browserify-cipher@1.0.1
26 silly saveTree │   │ │ │ ├─┬ browserify-aes@1.2.0
26 silly saveTree │   │ │ │ │ ├── buffer-xor@1.0.3
26 silly saveTree │   │ │ │ │ ├── cipher-base@1.0.4
26 silly saveTree │   │ │ │ │ ├─┬ create-hash@1.2.0
26 silly saveTree │   │ │ │ │ │ ├─┬ md5.js@1.3.5
26 silly saveTree │   │ │ │ │ │ │ └── hash-base@3.0.4
26 silly saveTree │   │ │ │ │ │ ├── ripemd160@2.0.2
26 silly saveTree │   │ │ │ │ │ └── sha.js@2.4.11
26 silly saveTree │   │ │ │ │ └── evp_bytestokey@1.0.3
26 silly saveTree │   │ │ │ ├─┬ browserify-des@1.0.2
26 silly saveTree │   │ │ │ │ └─┬ des.js@1.0.1
26 silly saveTree │   │ │ │ │   └── minimalistic-assert@1.0.1
26 silly saveTree │   │ │ │ └── evp_bytestokey@1.0.3
26 silly saveTree │   │ │ ├─┬ browserify-sign@4.0.4
26 silly saveTree │   │ │ │ ├── bn.js@4.11.8
26 silly saveTree │   │ │ │ ├─┬ browserify-rsa@4.0.1
26 silly saveTree │   │ │ │ │ └── randombytes@2.1.0
26 silly saveTree │   │ │ │ ├── create-hmac@1.1.7
26 silly saveTree │   │ │ │ ├─┬ elliptic@6.5.2
26 silly saveTree │   │ │ │ │ ├── brorand@1.1.0
26 silly saveTree │   │ │ │ │ ├── hash.js@1.1.7
26 silly saveTree │   │ │ │ │ ├─┬ hmac-drbg@1.0.1
26 silly saveTree │   │ │ │ │ │ └── minimalistic-crypto-utils@1.0.1
26 silly saveTree │   │ │ │ │ └── minimalistic-crypto-utils@1.0.1
26 silly saveTree │   │ │ │ └─┬ parse-asn1@5.1.5
26 silly saveTree │   │ │ │   ├── asn1.js@4.10.1
26 silly saveTree │   │ │ │   └── pbkdf2@3.0.17
26 silly saveTree │   │ │ ├── create-ecdh@4.0.3
26 silly saveTree │   │ │ ├── create-hash@1.2.0
26 silly saveTree │   │ │ ├── create-hmac@1.1.7
26 silly saveTree │   │ │ ├─┬ diffie-hellman@5.0.3
26 silly saveTree │   │ │ │ └── miller-rabin@4.0.1
26 silly saveTree │   │ │ ├── pbkdf2@3.0.17
26 silly saveTree │   │ │ ├── public-encrypt@4.0.3
26 silly saveTree │   │ │ ├── randombytes@2.1.0
26 silly saveTree │   │ │ └── randomfill@1.0.4
26 silly saveTree │   │ ├── domain-browser@1.2.0
26 silly saveTree │   │ ├── events@3.0.0
26 silly saveTree │   │ ├── https-browserify@1.0.0
26 silly saveTree │   │ ├── os-browserify@0.3.0
26 silly saveTree │   │ ├── path-browserify@0.0.1
26 silly saveTree │   │ ├── process@0.11.10
26 silly saveTree │   │ ├── punycode@1.4.1
26 silly saveTree │   │ ├── querystring-es3@0.2.1
26 silly saveTree │   │ ├── stream-browserify@2.0.2
26 silly saveTree │   │ ├─┬ stream-http@2.8.3
26 silly saveTree │   │ │ ├── builtin-status-codes@3.0.0
26 silly saveTree │   │ │ ├── to-arraybuffer@1.0.1
26 silly saveTree │   │ │ └── xtend@4.0.2
26 silly saveTree │   │ ├─┬ timers-browserify@2.0.11
26 silly saveTree │   │ │ └── setimmediate@1.0.5
26 silly saveTree │   │ ├── tty-browserify@0.0.0
26 silly saveTree │   │ ├─┬ url@0.11.0
26 silly saveTree │   │ │ ├── punycode@1.3.2
26 silly saveTree │   │ │ └── querystring@0.2.0
26 silly saveTree │   │ ├─┬ util@0.11.1
26 silly saveTree │   │ │ └── inherits@2.0.3
26 silly saveTree │   │ └── vm-browserify@1.1.2
26 silly saveTree │   ├─┬ schema-utils@1.0.0
26 silly saveTree │   │ └── ajv-errors@1.0.1
26 silly saveTree │   ├── tapable@1.1.3
26 silly saveTree │   ├─┬ terser-webpack-plugin@1.4.2
26 silly saveTree │   │ ├─┬ cacache@12.0.3
26 silly saveTree │   │ │ ├── bluebird@3.7.2
26 silly saveTree │   │ │ ├── chownr@1.1.3
26 silly saveTree │   │ │ ├── figgy-pudding@3.5.1
26 silly saveTree │   │ │ ├─┬ glob@7.1.6
26 silly saveTree │   │ │ │ ├── fs.realpath@1.0.0
26 silly saveTree │   │ │ │ ├── inflight@1.0.6
26 silly saveTree │   │ │ │ ├─┬ minimatch@3.0.4
26 silly saveTree │   │ │ │ │ └─┬ brace-expansion@1.1.11
26 silly saveTree │   │ │ │ │   ├── balanced-match@1.0.0
26 silly saveTree │   │ │ │ │   └── concat-map@0.0.1
26 silly saveTree │   │ │ │ └── path-is-absolute@1.0.1
26 silly saveTree │   │ │ ├── infer-owner@1.0.4
26 silly saveTree │   │ │ ├─┬ mississippi@3.0.0
26 silly saveTree │   │ │ │ ├─┬ concat-stream@1.6.2
26 silly saveTree │   │ │ │ │ ├── buffer-from@1.1.1
26 silly saveTree │   │ │ │ │ └── typedarray@0.0.6
26 silly saveTree │   │ │ │ ├─┬ duplexify@3.7.1
26 silly saveTree │   │ │ │ │ └── stream-shift@1.0.0
26 silly saveTree │   │ │ │ ├── flush-write-stream@1.1.1
26 silly saveTree │   │ │ │ ├── from2@2.3.0
26 silly saveTree │   │ │ │ ├─┬ parallel-transform@1.2.0
26 silly saveTree │   │ │ │ │ └── cyclist@1.0.1
26 silly saveTree │   │ │ │ ├─┬ pumpify@1.5.1
26 silly saveTree │   │ │ │ │ └── pump@2.0.1
26 silly saveTree │   │ │ │ ├── stream-each@1.2.3
26 silly saveTree │   │ │ │ └── through2@2.0.5
26 silly saveTree │   │ │ ├─┬ move-concurrently@1.0.1
26 silly saveTree │   │ │ │ ├── aproba@1.2.0
26 silly saveTree │   │ │ │ ├─┬ copy-concurrently@1.0.5
26 silly saveTree │   │ │ │ │ ├─┬ fs-write-stream-atomic@1.0.10
26 silly saveTree │   │ │ │ │ │ ├── iferr@0.1.5
26 silly saveTree │   │ │ │ │ │ └── imurmurhash@0.1.4
26 silly saveTree │   │ │ │ │ ├── iferr@0.1.5
26 silly saveTree │   │ │ │ │ ├── rimraf@2.7.1
26 silly saveTree │   │ │ │ │ └── run-queue@1.0.3
26 silly saveTree │   │ │ │ ├── fs-write-stream-atomic@1.0.10
26 silly saveTree │   │ │ │ ├── rimraf@2.7.1
26 silly saveTree │   │ │ │ └── run-queue@1.0.3
26 silly saveTree │   │ │ ├── promise-inflight@1.0.1
26 silly saveTree │   │ │ ├── rimraf@2.7.1
26 silly saveTree │   │ │ ├── ssri@6.0.1
26 silly saveTree │   │ │ ├─┬ unique-filename@1.1.1
26 silly saveTree │   │ │ │ └── unique-slug@2.0.2
26 silly saveTree │   │ │ └── y18n@4.0.0
26 silly saveTree │   │ ├── schema-utils@1.0.0
26 silly saveTree │   │ ├── serialize-javascript@2.1.1
26 silly saveTree │   │ ├── source-map@0.6.1
26 silly saveTree │   │ ├─┬ terser@4.4.2
26 silly saveTree │   │ │ ├── commander@2.20.3
26 silly saveTree │   │ │ ├─┬ source-map-support@0.5.16
26 silly saveTree │   │ │ │ └── source-map@0.6.1
26 silly saveTree │   │ │ └── source-map@0.6.1
26 silly saveTree │   │ ├─┬ webpack-sources@1.4.3
26 silly saveTree │   │ │ ├── source-list-map@2.0.1
26 silly saveTree │   │ │ └── source-map@0.6.1
26 silly saveTree │   │ └── worker-farm@1.7.0
26 silly saveTree │   ├─┬ watchpack@1.6.0
26 silly saveTree │   │ └─┬ chokidar@2.1.8
26 silly saveTree │   │   ├─┬ anymatch@2.0.0
26 silly saveTree │   │   │ └─┬ normalize-path@2.1.1
26 silly saveTree │   │   │   └── remove-trailing-separator@1.1.0
26 silly saveTree │   │   ├── async-each@1.0.3
26 silly saveTree │   │   ├─┬ fsevents@1.2.9
26 silly saveTree │   │   │ ├── nan@2.14.0
26 silly saveTree │   │   │ └─┬ node-pre-gyp@0.12.0
26 silly saveTree │   │   │   ├── detect-libc@1.0.3
26 silly saveTree │   │   │   ├─┬ mkdirp@0.5.1
26 silly saveTree │   │   │   │ └── minimist@0.0.8
26 silly saveTree │   │   │   ├─┬ needle@2.3.0
26 silly saveTree │   │   │   │ ├─┬ debug@4.1.1
26 silly saveTree │   │   │   │ │ └── ms@2.1.1
26 silly saveTree │   │   │   │ ├─┬ iconv-lite@0.4.24
26 silly saveTree │   │   │   │ │ └── safer-buffer@2.1.2
26 silly saveTree │   │   │   │ └── sax@1.2.4
26 silly saveTree │   │   │   ├─┬ nopt@4.0.1
26 silly saveTree │   │   │   │ ├── abbrev@1.1.1
26 silly saveTree │   │   │   │ └─┬ osenv@0.1.5
26 silly saveTree │   │   │   │   ├── os-homedir@1.0.2
26 silly saveTree │   │   │   │   └── os-tmpdir@1.0.2
26 silly saveTree │   │   │   ├─┬ npm-packlist@1.4.1
26 silly saveTree │   │   │   │ ├─┬ ignore-walk@3.0.1
26 silly saveTree │   │   │   │ │ └─┬ minimatch@3.0.4
26 silly saveTree │   │   │   │ │   └─┬ brace-expansion@1.1.11
26 silly saveTree │   │   │   │ │     ├── balanced-match@1.0.0
26 silly saveTree │   │   │   │ │     └── concat-map@0.0.1
26 silly saveTree │   │   │   │ └── npm-bundled@1.0.6
26 silly saveTree │   │   │   ├─┬ npmlog@4.1.2
26 silly saveTree │   │   │   │ ├─┬ are-we-there-yet@1.1.5
26 silly saveTree │   │   │   │ │ ├── delegates@1.0.0
26 silly saveTree │   │   │   │ │ └─┬ readable-stream@2.3.6
26 silly saveTree │   │   │   │ │   ├── core-util-is@1.0.2
26 silly saveTree │   │   │   │ │   ├── inherits@2.0.3
26 silly saveTree │   │   │   │ │   ├── isarray@1.0.0
26 silly saveTree │   │   │   │ │   ├── process-nextick-args@2.0.0
26 silly saveTree │   │   │   │ │   ├── safe-buffer@5.1.2
26 silly saveTree │   │   │   │ │   ├── string_decoder@1.1.1
26 silly saveTree │   │   │   │ │   └── util-deprecate@1.0.2
26 silly saveTree │   │   │   │ ├── console-control-strings@1.1.0
26 silly saveTree │   │   │   │ ├─┬ gauge@2.7.4
26 silly saveTree │   │   │   │ │ ├── aproba@1.2.0
26 silly saveTree │   │   │   │ │ ├── has-unicode@2.0.1
26 silly saveTree │   │   │   │ │ ├── object-assign@4.1.1
26 silly saveTree │   │   │   │ │ ├── signal-exit@3.0.2
26 silly saveTree │   │   │   │ │ ├─┬ string-width@1.0.2
26 silly saveTree │   │   │   │ │ │ ├── code-point-at@1.1.0
26 silly saveTree │   │   │   │ │ │ ├─┬ is-fullwidth-code-point@1.0.0
26 silly saveTree │   │   │   │ │ │ │ └── number-is-nan@1.0.1
26 silly saveTree │   │   │   │ │ │ └─┬ strip-ansi@3.0.1
26 silly saveTree │   │   │   │ │ │   └── ansi-regex@2.1.1
26 silly saveTree │   │   │   │ │ ├── strip-ansi@3.0.1
26 silly saveTree │   │   │   │ │ └── wide-align@1.1.3
26 silly saveTree │   │   │   │ └── set-blocking@2.0.0
26 silly saveTree │   │   │   ├─┬ rc@1.2.8
26 silly saveTree │   │   │   │ ├── deep-extend@0.6.0
26 silly saveTree │   │   │   │ ├── ini@1.3.5
26 silly saveTree │   │   │   │ ├── minimist@1.2.0
26 silly saveTree │   │   │   │ └── strip-json-comments@2.0.1
26 silly saveTree │   │   │   ├─┬ rimraf@2.6.3
26 silly saveTree │   │   │   │ └─┬ glob@7.1.3
26 silly saveTree │   │   │   │   ├── fs.realpath@1.0.0
26 silly saveTree │   │   │   │   ├─┬ inflight@1.0.6
26 silly saveTree │   │   │   │   │ ├─┬ once@1.4.0
26 silly saveTree │   │   │   │   │ │ └── wrappy@1.0.2
26 silly saveTree │   │   │   │   │ └── wrappy@1.0.2
26 silly saveTree │   │   │   │   ├── once@1.4.0
26 silly saveTree │   │   │   │   └── path-is-absolute@1.0.1
26 silly saveTree │   │   │   ├── semver@5.7.0
26 silly saveTree │   │   │   └─┬ tar@4.4.8
26 silly saveTree │   │   │     ├── chownr@1.1.1
26 silly saveTree │   │   │     ├─┬ fs-minipass@1.2.5
26 silly saveTree │   │   │     │ └─┬ minipass@2.3.5
26 silly saveTree │   │   │     │   └── yallist@3.0.3
26 silly saveTree │   │   │     ├── minipass@2.3.5
26 silly saveTree │   │   │     ├── minizlib@1.2.1
26 silly saveTree │   │   │     └── yallist@3.0.3
26 silly saveTree │   │   ├─┬ glob-parent@3.1.0
26 silly saveTree │   │   │ ├─┬ is-glob@3.1.0
26 silly saveTree │   │   │ │ └── is-extglob@2.1.1
26 silly saveTree │   │   │ └── path-dirname@1.0.2
26 silly saveTree │   │   ├─┬ is-binary-path@1.0.1
26 silly saveTree │   │   │ └── binary-extensions@1.13.1
26 silly saveTree │   │   ├── is-glob@4.0.1
26 silly saveTree │   │   ├── normalize-path@3.0.0
26 silly saveTree │   │   ├── readdirp@2.2.1
26 silly saveTree │   │   └── upath@1.2.0
26 silly saveTree │   └── webpack-sources@1.4.3
26 silly saveTree ├─┬ @vue/cli-plugin-eslint@4.1.1
26 silly saveTree │ ├─┬ eslint-loader@2.2.1
26 silly saveTree │ │ ├─┬ loader-fs-cache@1.0.2
26 silly saveTree │ │ │ └─┬ find-cache-dir@0.1.1
26 silly saveTree │ │ │   └─┬ pkg-dir@1.0.0
26 silly saveTree │ │ │     └─┬ find-up@1.1.2
26 silly saveTree │ │ │       ├─┬ path-exists@2.1.0
26 silly saveTree │ │ │       │ └─┬ pinkie-promise@2.0.1
26 silly saveTree │ │ │       │   └── pinkie@2.0.4
26 silly saveTree │ │ │       └── pinkie-promise@2.0.1
26 silly saveTree │ │ └── object-hash@1.3.1
26 silly saveTree │ ├─┬ globby@9.2.0
26 silly saveTree │ │ ├─┬ @types/glob@7.1.1
26 silly saveTree │ │ │ ├── @types/events@3.0.0
26 silly saveTree │ │ │ ├── @types/minimatch@3.0.3
26 silly saveTree │ │ │ └── @types/node@12.12.14
26 silly saveTree │ │ ├─┬ array-union@1.0.2
26 silly saveTree │ │ │ └── array-uniq@1.0.3
26 silly saveTree │ │ ├─┬ dir-glob@2.2.2
26 silly saveTree │ │ │ └─┬ path-type@3.0.0
26 silly saveTree │ │ │   └── pify@3.0.0
26 silly saveTree │ │ ├─┬ fast-glob@2.2.7
26 silly saveTree │ │ │ ├─┬ @mrmlnc/readdir-enhanced@2.2.1
26 silly saveTree │ │ │ │ ├── call-me-maybe@1.0.1
26 silly saveTree │ │ │ │ └── glob-to-regexp@0.3.0
26 silly saveTree │ │ │ ├── @nodelib/fs.stat@1.1.3
26 silly saveTree │ │ │ └── merge2@1.3.0
26 silly saveTree │ │ ├── ignore@4.0.6
26 silly saveTree │ │ └── slash@2.0.0
26 silly saveTree │ └─┬ yorkie@2.0.0
26 silly saveTree │   ├─┬ execa@0.8.0
26 silly saveTree │   │ ├─┬ cross-spawn@5.1.0
26 silly saveTree │   │ │ └─┬ lru-cache@4.1.5
26 silly saveTree │   │ │   ├── pseudomap@1.0.2
26 silly saveTree │   │ │   └── yallist@2.1.2
26 silly saveTree │   │ └── get-stream@3.0.0
26 silly saveTree │   ├─┬ is-ci@1.2.1
26 silly saveTree │   │ └── ci-info@1.6.0
26 silly saveTree │   ├── normalize-path@1.0.0
26 silly saveTree │   └── strip-indent@2.0.0
26 silly saveTree ├─┬ @vue/cli-plugin-pwa@4.1.1
26 silly saveTree │ └─┬ workbox-webpack-plugin@4.3.1
26 silly saveTree │   ├─┬ json-stable-stringify@1.0.1
26 silly saveTree │   │ └── jsonify@0.0.0
26 silly saveTree │   └─┬ workbox-build@4.3.1
26 silly saveTree │     ├── common-tags@1.8.0
26 silly saveTree │     ├─┬ fs-extra@4.0.3
26 silly saveTree │     │ ├── jsonfile@4.0.0
26 silly saveTree │     │ └── universalify@0.1.2
26 silly saveTree │     ├─┬ lodash.template@4.5.0
26 silly saveTree │     │ ├── lodash._reinterpolate@3.0.0
26 silly saveTree │     │ └── lodash.templatesettings@4.2.0
26 silly saveTree │     ├── pretty-bytes@5.3.0
26 silly saveTree │     ├─┬ stringify-object@3.3.0
26 silly saveTree │     │ ├── get-own-enumerable-property-symbols@3.0.1
26 silly saveTree │     │ ├── is-obj@1.0.1
26 silly saveTree │     │ └── is-regexp@1.0.0
26 silly saveTree │     ├─┬ strip-comments@1.0.2
26 silly saveTree │     │ ├─┬ babel-extract-comments@1.0.0
26 silly saveTree │     │ │ └── babylon@6.18.0
26 silly saveTree │     │ └─┬ babel-plugin-transform-object-rest-spread@6.26.0
26 silly saveTree │     │   ├── babel-plugin-syntax-object-rest-spread@6.13.0
26 silly saveTree │     │   └─┬ babel-runtime@6.26.0
26 silly saveTree │     │     ├── core-js@2.6.10
26 silly saveTree │     │     └── regenerator-runtime@0.11.1
26 silly saveTree │     ├─┬ workbox-background-sync@4.3.1
26 silly saveTree │     │ └── workbox-core@4.3.1
26 silly saveTree │     ├── workbox-broadcast-update@4.3.1
26 silly saveTree │     ├── workbox-cacheable-response@4.3.1
26 silly saveTree │     ├── workbox-core@4.3.1
26 silly saveTree │     ├── workbox-expiration@4.3.1
26 silly saveTree │     ├─┬ workbox-google-analytics@4.3.1
26 silly saveTree │     │ ├── workbox-routing@4.3.1
26 silly saveTree │     │ └── workbox-strategies@4.3.1
26 silly saveTree │     ├── workbox-navigation-preload@4.3.1
26 silly saveTree │     ├── workbox-precaching@4.3.1
26 silly saveTree │     ├── workbox-range-requests@4.3.1
26 silly saveTree │     ├── workbox-routing@4.3.1
26 silly saveTree │     ├── workbox-strategies@4.3.1
26 silly saveTree │     ├── workbox-streams@4.3.1
26 silly saveTree │     ├── workbox-sw@4.3.1
26 silly saveTree │     └── workbox-window@4.3.1
26 silly saveTree ├── @vue/cli-plugin-router@4.1.1
26 silly saveTree ├─┬ @vue/cli-plugin-typescript@4.1.1
26 silly saveTree │ ├── @types/webpack-env@1.14.1
26 silly saveTree │ ├─┬ fork-ts-checker-webpack-plugin@1.6.0
26 silly saveTree │ │ ├─┬ babel-code-frame@6.26.0
26 silly saveTree │ │ │ ├─┬ chalk@1.1.3
26 silly saveTree │ │ │ │ ├── ansi-styles@2.2.1
26 silly saveTree │ │ │ │ ├─┬ has-ansi@2.0.0
26 silly saveTree │ │ │ │ │ └── ansi-regex@2.1.1
26 silly saveTree │ │ │ │ ├─┬ strip-ansi@3.0.1
26 silly saveTree │ │ │ │ │ └── ansi-regex@2.1.1
26 silly saveTree │ │ │ │ └── supports-color@2.0.0
26 silly saveTree │ │ │ └── js-tokens@3.0.2
26 silly saveTree │ │ └─┬ worker-rpc@0.1.1
26 silly saveTree │ │   └── microevent.ts@0.1.1
26 silly saveTree │ ├─┬ ts-loader@6.2.1
26 silly saveTree │ │ ├─┬ micromatch@4.0.2
26 silly saveTree │ │ │ ├─┬ braces@3.0.2
26 silly saveTree │ │ │ │ └─┬ fill-range@7.0.1
26 silly saveTree │ │ │ │   └─┬ to-regex-range@5.0.1
26 silly saveTree │ │ │ │     └── is-number@7.0.0
26 silly saveTree │ │ │ └── picomatch@2.1.1
26 silly saveTree │ │ └── semver@6.3.0
26 silly saveTree │ └─┬ tslint@5.20.1
26 silly saveTree │   ├── builtin-modules@1.1.1
26 silly saveTree │   ├── diff@4.0.1
26 silly saveTree │   ├─┬ js-yaml@3.13.1
26 silly saveTree │   │ ├─┬ argparse@1.0.10
26 silly saveTree │   │ │ └── sprintf-js@1.0.3
26 silly saveTree │   │ └── esprima@4.0.1
26 silly saveTree │   └── tsutils@2.29.0
26 silly saveTree ├─┬ @vue/cli-plugin-unit-jest@4.1.1
26 silly saveTree │ ├── babel-core@7.0.0-bridge.0
26 silly saveTree │ ├─┬ babel-jest@24.9.0
26 silly saveTree │ │ ├─┬ @jest/transform@24.9.0
26 silly saveTree │ │ │ ├─┬ babel-plugin-istanbul@5.2.0
26 silly saveTree │ │ │ │ ├─┬ istanbul-lib-instrument@3.3.0
26 silly saveTree │ │ │ │ │ ├── istanbul-lib-coverage@2.0.5
26 silly saveTree │ │ │ │ │ └── semver@6.3.0
26 silly saveTree │ │ │ │ └─┬ test-exclude@5.2.3
26 silly saveTree │ │ │ │   ├─┬ read-pkg-up@4.0.0
26 silly saveTree │ │ │ │   │ └─┬ read-pkg@3.0.0
26 silly saveTree │ │ │ │   │   ├─┬ load-json-file@4.0.0
26 silly saveTree │ │ │ │   │   │ ├─┬ parse-json@4.0.0
26 silly saveTree │ │ │ │   │   │ │ └─┬ error-ex@1.3.2
26 silly saveTree │ │ │ │   │   │ │   └── is-arrayish@0.2.1
26 silly saveTree │ │ │ │   │   │ ├── pify@3.0.0
26 silly saveTree │ │ │ │   │   │ └── strip-bom@3.0.0
26 silly saveTree │ │ │ │   │   └─┬ normalize-package-data@2.5.0
26 silly saveTree │ │ │ │   │     ├── hosted-git-info@2.8.5
26 silly saveTree │ │ │ │   │     └─┬ validate-npm-package-license@3.0.4
26 silly saveTree │ │ │ │   │       ├─┬ spdx-correct@3.1.0
26 silly saveTree │ │ │ │   │       │ ├─┬ spdx-expression-parse@3.0.0
26 silly saveTree │ │ │ │   │       │ │ ├── spdx-exceptions@2.2.0
26 silly saveTree │ │ │ │   │       │ │ └── spdx-license-ids@3.0.5
26 silly saveTree │ │ │ │   │       │ └── spdx-license-ids@3.0.5
26 silly saveTree │ │ │ │   │       └── spdx-expression-parse@3.0.0
26 silly saveTree │ │ │ │   └── require-main-filename@2.0.0
26 silly saveTree │ │ │ ├─┬ jest-haste-map@24.9.0
26 silly saveTree │ │ │ │ ├─┬ fb-watchman@2.0.1
26 silly saveTree │ │ │ │ │ └─┬ bser@2.1.1
26 silly saveTree │ │ │ │ │   └── node-int64@0.4.0
26 silly saveTree │ │ │ │ ├── jest-serializer@24.9.0
26 silly saveTree │ │ │ │ ├─┬ jest-util@24.9.0
26 silly saveTree │ │ │ │ │ ├─┬ @jest/console@24.9.0
26 silly saveTree │ │ │ │ │ │ └─┬ @jest/source-map@24.9.0
26 silly saveTree │ │ │ │ │ │   ├── callsites@3.1.0
26 silly saveTree │ │ │ │ │ │   └── source-map@0.6.1
26 silly saveTree │ │ │ │ │ ├─┬ @jest/fake-timers@24.9.0
26 silly saveTree │ │ │ │ │ │ ├─┬ jest-message-util@24.9.0
26 silly saveTree │ │ │ │ │ │ │ ├── @jest/test-result@24.9.0
26 silly saveTree │ │ │ │ │ │ │ ├── @types/stack-utils@1.0.1
26 silly saveTree │ │ │ │ │ │ │ └── stack-utils@1.0.2
26 silly saveTree │ │ │ │ │ │ └── jest-mock@24.9.0
26 silly saveTree │ │ │ │ │ ├── @jest/source-map@24.9.0
26 silly saveTree │ │ │ │ │ ├── @jest/test-result@24.9.0
26 silly saveTree │ │ │ │ │ ├── callsites@3.1.0
26 silly saveTree │ │ │ │ │ ├─┬ is-ci@2.0.0
26 silly saveTree │ │ │ │ │ │ └── ci-info@2.0.0
26 silly saveTree │ │ │ │ │ └── source-map@0.6.1
26 silly saveTree │ │ │ │ ├─┬ jest-worker@24.9.0
26 silly saveTree │ │ │ │ │ ├── merge-stream@2.0.0
26 silly saveTree │ │ │ │ │ └── supports-color@6.1.0
26 silly saveTree │ │ │ │ ├─┬ sane@4.1.0
26 silly saveTree │ │ │ │ │ ├─┬ @cnakazawa/watch@1.0.3
26 silly saveTree │ │ │ │ │ │ └── exec-sh@0.3.4
26 silly saveTree │ │ │ │ │ ├─┬ capture-exit@2.0.0
26 silly saveTree │ │ │ │ │ │ └── rsvp@4.8.5
26 silly saveTree │ │ │ │ │ ├── exec-sh@0.3.4
26 silly saveTree │ │ │ │ │ └─┬ walker@1.0.7
26 silly saveTree │ │ │ │ │   └─┬ makeerror@1.0.11
26 silly saveTree │ │ │ │ │     └── tmpl@1.0.4
26 silly saveTree │ │ │ │ └── walker@1.0.7
26 silly saveTree │ │ │ ├── jest-regex-util@24.9.0
26 silly saveTree │ │ │ ├── jest-util@24.9.0
26 silly saveTree │ │ │ ├─┬ pirates@4.0.1
26 silly saveTree │ │ │ │ └── node-modules-regexp@1.0.0
26 silly saveTree │ │ │ ├─┬ realpath-native@1.1.0
26 silly saveTree │ │ │ │ └─┬ util.promisify@1.0.0
26 silly saveTree │ │ │ │   └── object.getownpropertydescriptors@2.0.3
26 silly saveTree │ │ │ ├── source-map@0.6.1
26 silly saveTree │ │ │ └── write-file-atomic@2.4.1
26 silly saveTree │ │ ├─┬ @types/babel__core@7.1.3
26 silly saveTree │ │ │ ├── @types/babel__generator@7.6.0
26 silly saveTree │ │ │ ├── @types/babel__template@7.0.2
26 silly saveTree │ │ │ └── @types/babel__traverse@7.0.8
26 silly saveTree │ │ ├── babel-plugin-istanbul@5.2.0
26 silly saveTree │ │ └─┬ babel-preset-jest@24.9.0
26 silly saveTree │ │   └── babel-plugin-jest-hoist@24.9.0
26 silly saveTree │ ├─┬ babel-plugin-transform-es2015-modules-commonjs@6.26.2
26 silly saveTree │ │ ├─┬ babel-plugin-transform-strict-mode@6.24.1
26 silly saveTree │ │ │ └─┬ babel-types@6.26.0
26 silly saveTree │ │ │   └── to-fast-properties@1.0.3
26 silly saveTree │ │ ├─┬ babel-template@6.26.0
26 silly saveTree │ │ │ └─┬ babel-traverse@6.26.0
26 silly saveTree │ │ │   ├── babel-messages@6.23.0
26 silly saveTree │ │ │   ├─┬ debug@2.6.9
26 silly saveTree │ │ │   │ └── ms@2.0.0
26 silly saveTree │ │ │   └── globals@9.18.0
26 silly saveTree │ │ └── babel-types@6.26.0
26 silly saveTree │ ├── deepmerge@4.2.2
26 silly saveTree │ ├─┬ jest-environment-jsdom-fifteen@1.0.2
26 silly saveTree │ │ ├── @jest/environment@24.9.0
26 silly saveTree │ │ └─┬ jsdom@15.2.1
26 silly saveTree │ │   ├── abab@2.0.3
26 silly saveTree │ │   ├─┬ acorn-globals@4.3.4
26 silly saveTree │ │   │ └── acorn-walk@6.2.0
26 silly saveTree │ │   ├── acorn@7.1.0
26 silly saveTree │ │   ├── array-equal@1.0.0
26 silly saveTree │ │   ├── cssom@0.4.4
26 silly saveTree │ │   ├─┬ cssstyle@2.0.0
26 silly saveTree │ │   │ └── cssom@0.3.8
26 silly saveTree │ │   ├─┬ data-urls@1.1.0
26 silly saveTree │ │   │ ├── whatwg-mimetype@2.3.0
26 silly saveTree │ │   │ └─┬ whatwg-url@7.1.0
26 silly saveTree │ │   │   ├── lodash.sortby@4.7.0
26 silly saveTree │ │   │   ├── tr46@1.0.1
26 silly saveTree │ │   │   └── webidl-conversions@4.0.2
26 silly saveTree │ │   ├── domexception@1.0.1
26 silly saveTree │ │   ├─┬ escodegen@1.12.0
26 silly saveTree │ │   │ ├── esprima@3.1.3
26 silly saveTree │ │   │ ├─┬ optionator@0.8.3
26 silly saveTree │ │   │ │ ├── deep-is@0.1.3
26 silly saveTree │ │   │ │ ├── fast-levenshtein@2.0.6
26 silly saveTree │ │   │ │ ├─┬ levn@0.3.0
26 silly saveTree │ │   │ │ │ ├── prelude-ls@1.1.2
26 silly saveTree │ │   │ │ │ └── type-check@0.3.2
26 silly saveTree │ │   │ │ ├── prelude-ls@1.1.2
26 silly saveTree │ │   │ │ ├── type-check@0.3.2
26 silly saveTree │ │   │ │ └── word-wrap@1.2.3
26 silly saveTree │ │   │ └── source-map@0.6.1
26 silly saveTree │ │   ├─┬ html-encoding-sniffer@1.0.2
26 silly saveTree │ │   │ └─┬ whatwg-encoding@1.0.5
26 silly saveTree │ │   │   └── iconv-lite@0.4.24
26 silly saveTree │ │   ├── nwsapi@2.2.0
26 silly saveTree │ │   ├── parse5@5.1.0
26 silly saveTree │ │   ├── pn@1.1.0
26 silly saveTree │ │   ├─┬ saxes@3.1.11
26 silly saveTree │ │   │ └── xmlchars@2.2.0
26 silly saveTree │ │   ├── symbol-tree@3.2.4
26 silly saveTree │ │   ├─┬ tough-cookie@3.0.1
26 silly saveTree │ │   │ └── ip-regex@2.1.0
26 silly saveTree │ │   ├─┬ w3c-hr-time@1.0.1
26 silly saveTree │ │   │ └── browser-process-hrtime@0.1.3
26 silly saveTree │ │   ├─┬ w3c-xmlserializer@1.1.2
26 silly saveTree │ │   │ └── xml-name-validator@3.0.0
26 silly saveTree │ │   ├── webidl-conversions@4.0.2
26 silly saveTree │ │   ├── whatwg-encoding@1.0.5
26 silly saveTree │ │   ├── whatwg-mimetype@2.3.0
26 silly saveTree │ │   ├── whatwg-url@7.1.0
26 silly saveTree │ │   ├─┬ ws@7.2.0
26 silly saveTree │ │   │ └── async-limiter@1.0.1
26 silly saveTree │ │   └── xml-name-validator@3.0.0
26 silly saveTree │ ├─┬ jest-serializer-vue@2.0.2
26 silly saveTree │ │ └─┬ pretty@2.0.0
26 silly saveTree │ │   ├─┬ condense-newlines@0.2.1
26 silly saveTree │ │   │ ├── extend-shallow@2.0.1
26 silly saveTree │ │   │ ├── is-whitespace@0.3.0
26 silly saveTree │ │   │ └── kind-of@3.2.2
26 silly saveTree │ │   ├── extend-shallow@2.0.1
26 silly saveTree │ │   └─┬ js-beautify@1.10.2
26 silly saveTree │ │     ├─┬ config-chain@1.1.12
26 silly saveTree │ │     │ ├── ini@1.3.5
26 silly saveTree │ │     │ └── proto-list@1.2.4
26 silly saveTree │ │     ├─┬ editorconfig@0.15.3
26 silly saveTree │ │     │ ├─┬ lru-cache@4.1.5
26 silly saveTree │ │     │ │ └── yallist@2.1.2
26 silly saveTree │ │     │ └── sigmund@1.0.1
26 silly saveTree │ │     └─┬ nopt@4.0.1
26 silly saveTree │ │       ├── abbrev@1.1.1
26 silly saveTree │ │       └─┬ osenv@0.1.5
26 silly saveTree │ │         ├── os-homedir@1.0.2
26 silly saveTree │ │         └── os-tmpdir@1.0.2
26 silly saveTree │ ├── jest-transform-stub@2.0.0
26 silly saveTree │ ├─┬ jest-watch-typeahead@0.4.2
26 silly saveTree │ │ ├─┬ ansi-escapes@4.3.0
26 silly saveTree │ │ │ └── type-fest@0.8.1
26 silly saveTree │ │ ├─┬ jest-watcher@24.9.0
26 silly saveTree │ │ │ ├── ansi-escapes@3.2.0
26 silly saveTree │ │ │ └─┬ string-length@2.0.0
26 silly saveTree │ │ │   ├── astral-regex@1.0.0
26 silly saveTree │ │ │   └─┬ strip-ansi@4.0.0
26 silly saveTree │ │ │     └── ansi-regex@3.0.0
26 silly saveTree │ │ ├── slash@3.0.0
26 silly saveTree │ │ ├─┬ string-length@3.1.0
26 silly saveTree │ │ │ └── strip-ansi@5.2.0
26 silly saveTree │ │ └── strip-ansi@5.2.0
26 silly saveTree │ ├─┬ jest@24.9.0
26 silly saveTree │ │ ├─┬ import-local@2.0.0
26 silly saveTree │ │ │ └─┬ resolve-cwd@2.0.0
26 silly saveTree │ │ │   └── resolve-from@3.0.0
26 silly saveTree │ │ └─┬ jest-cli@24.9.0
26 silly saveTree │ │   ├─┬ @jest/core@24.9.0
26 silly saveTree │ │   │ ├─┬ @jest/reporters@24.9.0
26 silly saveTree │ │   │ │ ├── exit@0.1.2
26 silly saveTree │ │   │ │ ├─┬ istanbul-lib-report@2.0.8
26 silly saveTree │ │   │ │ │ └── supports-color@6.1.0
26 silly saveTree │ │   │ │ ├─┬ istanbul-lib-source-maps@3.0.6
26 silly saveTree │ │   │ │ │ └── source-map@0.6.1
26 silly saveTree │ │   │ │ ├─┬ istanbul-reports@2.2.6
26 silly saveTree │ │   │ │ │ └─┬ handlebars@4.5.3
26 silly saveTree │ │   │ │ │   ├─┬ optimist@0.6.1
26 silly saveTree │ │   │ │ │   │ ├── minimist@0.0.10
26 silly saveTree │ │   │ │ │   │ └── wordwrap@0.0.3
26 silly saveTree │ │   │ │ │   ├── source-map@0.6.1
26 silly saveTree │ │   │ │ │   └─┬ uglify-js@3.7.1
26 silly saveTree │ │   │ │ │     └── source-map@0.6.1
26 silly saveTree │ │   │ │ ├─┬ jest-resolve@24.9.0
26 silly saveTree │ │   │ │ │ ├─┬ browser-resolve@1.11.3
26 silly saveTree │ │   │ │ │ │ └── resolve@1.1.7
26 silly saveTree │ │   │ │ │ └── jest-pnp-resolver@1.2.1
26 silly saveTree │ │   │ │ ├─┬ jest-runtime@24.9.0
26 silly saveTree │ │   │ │ │ ├─┬ jest-config@24.9.0
26 silly saveTree │ │   │ │ │ │ ├─┬ @jest/test-sequencer@24.9.0
26 silly saveTree │ │   │ │ │ │ │ └─┬ jest-runner@24.9.0
26 silly saveTree │ │   │ │ │ │ │   ├─┬ jest-docblock@24.9.0
26 silly saveTree │ │   │ │ │ │ │   │ └── detect-newline@2.1.0
26 silly saveTree │ │   │ │ │ │ │   ├─┬ jest-jasmine2@24.9.0
26 silly saveTree │ │   │ │ │ │ │   │ ├── co@4.6.0
26 silly saveTree │ │   │ │ │ │ │   │ ├─┬ expect@24.9.0
26 silly saveTree │ │   │ │ │ │ │   │ │ └── jest-matcher-utils@24.9.0
26 silly saveTree │ │   │ │ │ │ │   │ ├── is-generator-fn@2.1.0
26 silly saveTree │ │   │ │ │ │ │   │ ├── jest-each@24.9.0
26 silly saveTree │ │   │ │ │ │ │   │ ├── jest-matcher-utils@24.9.0
26 silly saveTree │ │   │ │ │ │ │   │ ├─┬ jest-snapshot@24.9.0
26 silly saveTree │ │   │ │ │ │ │   │ │ ├── natural-compare@1.4.0
26 silly saveTree │ │   │ │ │ │ │   │ │ └── semver@6.3.0
26 silly saveTree │ │   │ │ │ │ │   │ └── throat@4.1.0
26 silly saveTree │ │   │ │ │ │ │   ├── jest-leak-detector@24.9.0
26 silly saveTree │ │   │ │ │ │ │   └── throat@4.1.0
26 silly saveTree │ │   │ │ │ │ ├─┬ jest-environment-jsdom@24.9.0
26 silly saveTree │ │   │ │ │ │ │ └─┬ jsdom@11.12.0
26 silly saveTree │ │   │ │ │ │ │   ├── acorn@5.7.3
26 silly saveTree │ │   │ │ │ │ │   ├── cssom@0.3.8
26 silly saveTree │ │   │ │ │ │ │   ├── cssstyle@1.4.0
26 silly saveTree │ │   │ │ │ │ │   ├── left-pad@1.3.0
26 silly saveTree │ │   │ │ │ │ │   ├── parse5@4.0.0
26 silly saveTree │ │   │ │ │ │ │   ├── sax@1.2.4
26 silly saveTree │ │   │ │ │ │ │   ├── whatwg-url@6.5.0
26 silly saveTree │ │   │ │ │ │ │   └── ws@5.2.2
26 silly saveTree │ │   │ │ │ │ ├── jest-environment-node@24.9.0
26 silly saveTree │ │   │ │ │ │ ├── jest-jasmine2@24.9.0
26 silly saveTree │ │   │ │ │ │ └─┬ jest-validate@24.9.0
26 silly saveTree │ │   │ │ │ │   └── leven@3.1.0
26 silly saveTree │ │   │ │ │ ├── jest-snapshot@24.9.0
26 silly saveTree │ │   │ │ │ ├── jest-validate@24.9.0
26 silly saveTree │ │   │ │ │ └─┬ yargs@13.3.0
26 silly saveTree │ │   │ │ │   ├─┬ cliui@5.0.0
26 silly saveTree │ │   │ │ │   │ ├─┬ string-width@3.1.0
26 silly saveTree │ │   │ │ │   │ │ ├── emoji-regex@7.0.3
26 silly saveTree │ │   │ │ │   │ │ ├── is-fullwidth-code-point@2.0.0
26 silly saveTree │ │   │ │ │   │ │ └── strip-ansi@5.2.0
26 silly saveTree │ │   │ │ │   │ ├── strip-ansi@5.2.0
26 silly saveTree │ │   │ │ │   │ └─┬ wrap-ansi@5.1.0
26 silly saveTree │ │   │ │ │   │   └── strip-ansi@5.2.0
26 silly saveTree │ │   │ │ │   ├── get-caller-file@2.0.5
26 silly saveTree │ │   │ │ │   ├── require-directory@2.1.1
26 silly saveTree │ │   │ │ │   ├── set-blocking@2.0.0
26 silly saveTree │ │   │ │ │   ├── string-width@3.1.0
26 silly saveTree │ │   │ │ │   ├── which-module@2.0.0
26 silly saveTree │ │   │ │ │   └─┬ yargs-parser@13.1.1
26 silly saveTree │ │   │ │ │     └── decamelize@1.2.0
26 silly saveTree │ │   │ │ ├─┬ node-notifier@5.4.3
26 silly saveTree │ │   │ │ │ ├── growly@1.3.0
26 silly saveTree │ │   │ │ │ └── shellwords@0.1.1
26 silly saveTree │ │   │ │ └── source-map@0.6.1
26 silly saveTree │ │   │ ├── exit@0.1.2
26 silly saveTree │ │   │ ├── jest-changed-files@24.9.0
26 silly saveTree │ │   │ ├── jest-config@24.9.0
26 silly saveTree │ │   │ ├── jest-resolve-dependencies@24.9.0
26 silly saveTree │ │   │ ├── jest-resolve@24.9.0
26 silly saveTree │ │   │ ├── jest-runner@24.9.0
26 silly saveTree │ │   │ ├── jest-runtime@24.9.0
26 silly saveTree │ │   │ ├── jest-snapshot@24.9.0
26 silly saveTree │ │   │ ├── jest-validate@24.9.0
26 silly saveTree │ │   │ ├─┬ p-each-series@1.0.0
26 silly saveTree │ │   │ │ └── p-reduce@1.0.0
26 silly saveTree │ │   │ └── strip-ansi@5.2.0
26 silly saveTree │ │   ├── exit@0.1.2
26 silly saveTree │ │   ├─┬ is-ci@2.0.0
26 silly saveTree │ │   │ └── ci-info@2.0.0
26 silly saveTree │ │   ├── jest-config@24.9.0
26 silly saveTree │ │   ├── jest-validate@24.9.0
26 silly saveTree │ │   ├─┬ prompts@2.3.0
26 silly saveTree │ │   │ ├── kleur@3.0.3
26 silly saveTree │ │   │ └── sisteransi@1.0.4
26 silly saveTree │ │   └── yargs@13.3.0
26 silly saveTree │ ├─┬ ts-jest@24.2.0
26 silly saveTree │ │ ├── bs-logger@0.2.6
26 silly saveTree │ │ ├── lodash.memoize@4.1.2
26 silly saveTree │ │ ├── make-error@1.3.5
26 silly saveTree │ │ └─┬ yargs-parser@10.1.0
26 silly saveTree │ │   └── camelcase@4.1.0
26 silly saveTree │ └─┬ vue-jest@3.0.5
26 silly saveTree │   ├─┬ extract-from-css@0.4.4
26 silly saveTree │   │ └─┬ css@2.2.4
26 silly saveTree │   │   └── source-map@0.6.1
26 silly saveTree │   ├─┬ find-babel-config@1.2.0
26 silly saveTree │   │ └── json5@0.5.1
26 silly saveTree │   ├─┬ node-cache@4.2.1
26 silly saveTree │   │ └── clone@2.1.2
26 silly saveTree │   ├─┬ tsconfig@7.0.0
26 silly saveTree │   │ ├── @types/strip-bom@3.0.0
26 silly saveTree │   │ ├── @types/strip-json-comments@0.0.30
26 silly saveTree │   │ └── strip-json-comments@2.0.1
26 silly saveTree │   └── vue-template-es2015-compiler@1.9.1
26 silly saveTree ├── @vue/cli-plugin-vuex@4.1.1
26 silly saveTree ├─┬ @vue/cli-service@4.1.1
26 silly saveTree │ ├─┬ @intervolga/optimize-cssnano-plugin@1.0.6
26 silly saveTree │ │ ├─┬ cssnano-preset-default@4.0.7
26 silly saveTree │ │ │ ├─┬ css-declaration-sorter@4.0.1
26 silly saveTree │ │ │ │ ├─┬ postcss@7.0.24
26 silly saveTree │ │ │ │ │ ├── source-map@0.6.1
26 silly saveTree │ │ │ │ │ └── supports-color@6.1.0
26 silly saveTree │ │ │ │ └── timsort@0.3.0
26 silly saveTree │ │ │ ├── cssnano-util-raw-cache@4.0.1
26 silly saveTree │ │ │ ├─┬ postcss-calc@7.0.1
26 silly saveTree │ │ │ │ ├── css-unit-converter@1.1.1
26 silly saveTree │ │ │ │ ├─┬ postcss-selector-parser@5.0.0
26 silly saveTree │ │ │ │ │ ├── cssesc@2.0.0
26 silly saveTree │ │ │ │ │ ├── indexes-of@1.0.1
26 silly saveTree │ │ │ │ │ └── uniq@1.0.1
26 silly saveTree │ │ │ │ └── postcss-value-parser@3.3.1
26 silly saveTree │ │ │ ├─┬ postcss-colormin@4.0.3
26 silly saveTree │ │ │ │ └─┬ color@3.1.2
26 silly saveTree │ │ │ │   └─┬ color-string@1.5.3
26 silly saveTree │ │ │ │     └─┬ simple-swizzle@0.2.2
26 silly saveTree │ │ │ │       └── is-arrayish@0.3.2
26 silly saveTree │ │ │ ├── postcss-convert-values@4.0.1
26 silly saveTree │ │ │ ├── postcss-discard-comments@4.0.2
26 silly saveTree │ │ │ ├── postcss-discard-duplicates@4.0.2
26 silly saveTree │ │ │ ├── postcss-discard-empty@4.0.1
26 silly saveTree │ │ │ ├── postcss-discard-overridden@4.0.1
26 silly saveTree │ │ │ ├─┬ postcss-merge-longhand@4.0.11
26 silly saveTree │ │ │ │ ├── css-color-names@0.0.4
26 silly saveTree │ │ │ │ └─┬ stylehacks@4.0.3
26 silly saveTree │ │ │ │   └─┬ postcss-selector-parser@3.1.1
26 silly saveTree │ │ │ │     └── dot-prop@4.2.0
26 silly saveTree │ │ │ ├─┬ postcss-merge-rules@4.0.3
26 silly saveTree │ │ │ │ ├─┬ caniuse-api@3.0.0
26 silly saveTree │ │ │ │ │ └── lodash.uniq@4.5.0
26 silly saveTree │ │ │ │ ├── cssnano-util-same-parent@4.0.1
26 silly saveTree │ │ │ │ ├── postcss-selector-parser@3.1.1
26 silly saveTree │ │ │ │ └── vendors@1.0.3
26 silly saveTree │ │ │ ├── postcss-minify-font-values@4.0.2
26 silly saveTree │ │ │ ├─┬ postcss-minify-gradients@4.0.2
26 silly saveTree │ │ │ │ ├── cssnano-util-get-arguments@4.0.0
26 silly saveTree │ │ │ │ └─┬ is-color-stop@1.1.0
26 silly saveTree │ │ │ │   ├── hex-color-regex@1.1.0
26 silly saveTree │ │ │ │   ├── hsl-regex@1.0.0
26 silly saveTree │ │ │ │   ├── hsla-regex@1.0.0
26 silly saveTree │ │ │ │   ├── rgb-regex@1.0.1
26 silly saveTree │ │ │ │   └── rgba-regex@1.0.0
26 silly saveTree │ │ │ ├─┬ postcss-minify-params@4.0.2
26 silly saveTree │ │ │ │ ├── alphanum-sort@1.0.2
26 silly saveTree │ │ │ │ └── uniqs@2.0.0
26 silly saveTree │ │ │ ├─┬ postcss-minify-selectors@4.0.2
26 silly saveTree │ │ │ │ └── postcss-selector-parser@3.1.1
26 silly saveTree │ │ │ ├── postcss-normalize-charset@4.0.1
26 silly saveTree │ │ │ ├─┬ postcss-normalize-display-values@4.0.2
26 silly saveTree │ │ │ │ └── cssnano-util-get-match@4.0.0
26 silly saveTree │ │ │ ├── postcss-normalize-positions@4.0.2
26 silly saveTree │ │ │ ├── postcss-normalize-repeat-style@4.0.2
26 silly saveTree │ │ │ ├── postcss-normalize-string@4.0.2
26 silly saveTree │ │ │ ├── postcss-normalize-timing-functions@4.0.2
26 silly saveTree │ │ │ ├── postcss-normalize-unicode@4.0.1
26 silly saveTree │ │ │ ├─┬ postcss-normalize-url@4.0.1
26 silly saveTree │ │ │ │ ├── is-absolute-url@2.1.0
26 silly saveTree │ │ │ │ └── normalize-url@3.3.0
26 silly saveTree │ │ │ ├── postcss-normalize-whitespace@4.0.2
26 silly saveTree │ │ │ ├── postcss-ordered-values@4.1.2
26 silly saveTree │ │ │ ├── postcss-reduce-initial@4.0.3
26 silly saveTree │ │ │ ├── postcss-reduce-transforms@4.0.2
26 silly saveTree │ │ │ ├─┬ postcss-svgo@4.0.2
26 silly saveTree │ │ │ │ ├─┬ is-svg@3.0.0
26 silly saveTree │ │ │ │ │ └── html-comment-regex@1.1.2
26 silly saveTree │ │ │ │ └─┬ svgo@1.3.2
26 silly saveTree │ │ │ │   ├─┬ coa@2.0.2
26 silly saveTree │ │ │ │   │ ├── @types/q@1.5.2
26 silly saveTree │ │ │ │   │ └── q@1.5.1
26 silly saveTree │ │ │ │   ├── css-select-base-adapter@0.1.1
26 silly saveTree │ │ │ │   ├─┬ css-select@2.1.0
26 silly saveTree │ │ │ │   │ ├── boolbase@1.0.0
26 silly saveTree │ │ │ │   │ ├── css-what@3.2.1
26 silly saveTree │ │ │ │   │ ├─┬ domutils@1.7.0
26 silly saveTree │ │ │ │   │ │ ├─┬ dom-serializer@0.2.2
26 silly saveTree │ │ │ │   │ │ │ ├── domelementtype@2.0.1
26 silly saveTree │ │ │ │   │ │ │ └── entities@2.0.0
26 silly saveTree │ │ │ │   │ │ └── domelementtype@1.3.1
26 silly saveTree │ │ │ │   │ └── nth-check@1.0.2
26 silly saveTree │ │ │ │   ├─┬ css-tree@1.0.0-alpha.37
26 silly saveTree │ │ │ │   │ ├── mdn-data@2.0.4
26 silly saveTree │ │ │ │   │ └── source-map@0.6.1
26 silly saveTree │ │ │ │   ├── csso@4.0.2
26 silly saveTree │ │ │ │   ├── object.values@1.1.0
26 silly saveTree │ │ │ │   ├── stable@0.1.8
26 silly saveTree │ │ │ │   └── unquote@1.1.1
26 silly saveTree │ │ │ ├── postcss-unique-selectors@4.0.1
26 silly saveTree │ │ │ └── postcss@7.0.24
26 silly saveTree │ │ ├─┬ cssnano@4.1.10
26 silly saveTree │ │ │ ├─┬ cosmiconfig@5.2.1
26 silly saveTree │ │ │ │ ├─┬ import-fresh@2.0.0
26 silly saveTree │ │ │ │ │ └─┬ caller-path@2.0.0
26 silly saveTree │ │ │ │ │   └─┬ caller-callsite@2.0.0
26 silly saveTree │ │ │ │ │     └── callsites@2.0.0
26 silly saveTree │ │ │ │ └── is-directory@0.3.1
26 silly saveTree │ │ │ └── is-resolvable@1.1.0
26 silly saveTree │ │ └── postcss@7.0.24
26 silly saveTree │ ├─┬ @soda/friendly-errors-webpack-plugin@1.7.1
26 silly saveTree │ │ ├─┬ chalk@1.1.3
26 silly saveTree │ │ │ ├── ansi-styles@2.2.1
26 silly saveTree │ │ │ ├─┬ strip-ansi@3.0.1
26 silly saveTree │ │ │ │ └── ansi-regex@2.1.1
26 silly saveTree │ │ │ └── supports-color@2.0.0
26 silly saveTree │ │ ├─┬ error-stack-parser@2.0.4
26 silly saveTree │ │ │ └── stackframe@1.1.0
26 silly saveTree │ │ └─┬ string-width@2.1.1
26 silly saveTree │ │   └─┬ strip-ansi@4.0.0
26 silly saveTree │ │     └── ansi-regex@3.0.0
26 silly saveTree │ ├── @vue/cli-overlay@4.1.1
26 silly saveTree │ ├─┬ @vue/component-compiler-utils@3.0.2
26 silly saveTree │ │ ├── consolidate@0.15.1
26 silly saveTree │ │ ├── hash-sum@1.0.2
26 silly saveTree │ │ ├─┬ lru-cache@4.1.5
26 silly saveTree │ │ │ └── yallist@2.1.2
26 silly saveTree │ │ ├─┬ merge-source-map@1.1.0
26 silly saveTree │ │ │ └── source-map@0.6.1
26 silly saveTree │ │ ├── prettier@1.19.1
26 silly saveTree │ │ └── source-map@0.6.1
26 silly saveTree │ ├── @vue/preload-webpack-plugin@1.1.1
26 silly saveTree │ ├── @vue/web-component-wrapper@1.2.0
26 silly saveTree │ ├── address@1.1.2
26 silly saveTree │ ├─┬ autoprefixer@9.7.3
26 silly saveTree │ │ ├── normalize-range@0.1.2
26 silly saveTree │ │ ├── num2fraction@1.2.2
26 silly saveTree │ │ └── postcss-value-parser@4.0.2
26 silly saveTree │ ├── case-sensitive-paths-webpack-plugin@2.2.0
26 silly saveTree │ ├─┬ cli-highlight@2.1.4
26 silly saveTree │ │ ├─┬ chalk@3.0.0
26 silly saveTree │ │ │ ├─┬ ansi-styles@4.2.0
26 silly saveTree │ │ │ │ ├── @types/color-name@1.1.1
26 silly saveTree │ │ │ │ └─┬ color-convert@2.0.1
26 silly saveTree │ │ │ │   └── color-name@1.1.4
26 silly saveTree │ │ │ └─┬ supports-color@7.1.0
26 silly saveTree │ │ │   └── has-flag@4.0.0
26 silly saveTree │ │ ├── highlight.js@9.16.2
26 silly saveTree │ │ ├─┬ mz@2.7.0
26 silly saveTree │ │ │ ├── any-promise@1.3.0
26 silly saveTree │ │ │ └─┬ thenify-all@1.6.0
26 silly saveTree │ │ │   └── thenify@3.3.0
26 silly saveTree │ │ ├─┬ parse5-htmlparser2-tree-adapter@5.1.1
26 silly saveTree │ │ │ └── parse5@5.1.1
26 silly saveTree │ │ ├── parse5@5.1.1
26 silly saveTree │ │ └─┬ yargs@15.0.2
26 silly saveTree │ │   ├─┬ cliui@6.0.0
26 silly saveTree │ │   │ ├─┬ string-width@4.2.0
26 silly saveTree │ │   │ │ ├── emoji-regex@8.0.0
26 silly saveTree │ │   │ │ └── is-fullwidth-code-point@3.0.0
26 silly saveTree │ │   │ └── wrap-ansi@6.2.0
26 silly saveTree │ │   ├─┬ find-up@4.1.0
26 silly saveTree │ │   │ ├─┬ locate-path@5.0.0
26 silly saveTree │ │   │ │ └── p-locate@4.1.0
26 silly saveTree │ │   │ └── path-exists@4.0.0
26 silly saveTree │ │   ├── string-width@4.2.0
26 silly saveTree │ │   └── yargs-parser@16.1.0
26 silly saveTree │ ├─┬ clipboardy@2.1.0
26 silly saveTree │ │ └── arch@2.1.1
26 silly saveTree │ ├─┬ copy-webpack-plugin@5.0.5
26 silly saveTree │ │ ├─┬ globby@7.1.1
26 silly saveTree │ │ │ ├── ignore@3.3.10
26 silly saveTree │ │ │ ├── pify@3.0.0
26 silly saveTree │ │ │ └── slash@1.0.0
26 silly saveTree │ │ ├── schema-utils@1.0.0
26 silly saveTree │ │ └─┬ webpack-log@2.0.0
26 silly saveTree │ │   └── ansi-colors@3.2.4
26 silly saveTree │ ├─┬ css-loader@3.2.1
26 silly saveTree │ │ ├── cssesc@3.0.0
26 silly saveTree │ │ ├── icss-utils@4.1.1
26 silly saveTree │ │ ├── postcss-modules-extract-imports@2.0.0
26 silly saveTree │ │ ├─┬ postcss-modules-local-by-default@3.0.2
26 silly saveTree │ │ │ ├─┬ postcss-selector-parser@6.0.2
26 silly saveTree │ │ │ │ └── cssesc@3.0.0
26 silly saveTree │ │ │ └── postcss-value-parser@4.0.2
26 silly saveTree │ │ ├─┬ postcss-modules-scope@2.1.1
26 silly saveTree │ │ │ └─┬ postcss-selector-parser@6.0.2
26 silly saveTree │ │ │   └── cssesc@3.0.0
26 silly saveTree │ │ ├── postcss-modules-values@3.0.0
26 silly saveTree │ │ └── postcss-value-parser@4.0.2
26 silly saveTree │ ├── cssnano@4.1.10
26 silly saveTree │ ├── current-script-polyfill@1.0.0
26 silly saveTree │ ├─┬ default-gateway@5.0.5
26 silly saveTree │ │ └─┬ execa@3.4.0
26 silly saveTree │ │   ├─┬ cross-spawn@7.0.1
26 silly saveTree │ │   │ ├── path-key@3.1.1
26 silly saveTree │ │   │ ├─┬ shebang-command@2.0.0
26 silly saveTree │ │   │ │ └── shebang-regex@3.0.0
26 silly saveTree │ │   │ └── which@2.0.2
26 silly saveTree │ │   ├── get-stream@5.1.0
26 silly saveTree │ │   ├── human-signals@1.1.1
26 silly saveTree │ │   ├── is-stream@2.0.0
26 silly saveTree │ │   ├── npm-run-path@4.0.0
26 silly saveTree │ │   ├─┬ onetime@5.1.0
26 silly saveTree │ │   │ └── mimic-fn@2.1.0
26 silly saveTree │ │   ├── p-finally@2.0.1
26 silly saveTree │ │   └── strip-final-newline@2.0.0
26 silly saveTree │ ├── dotenv-expand@5.1.0
26 silly saveTree │ ├── dotenv@8.2.0
26 silly saveTree │ ├── file-loader@4.3.0
26 silly saveTree │ ├── fs-extra@7.0.1
26 silly saveTree │ ├── hash-sum@1.0.2
26 silly saveTree │ ├─┬ html-webpack-plugin@3.2.0
26 silly saveTree │ │ ├─┬ html-minifier@3.5.21
26 silly saveTree │ │ │ ├─┬ camel-case@3.0.0
26 silly saveTree │ │ │ │ ├─┬ no-case@2.3.2
26 silly saveTree │ │ │ │ │ └── lower-case@1.1.4
26 silly saveTree │ │ │ │ └── upper-case@1.1.3
26 silly saveTree │ │ │ ├─┬ clean-css@4.2.1
26 silly saveTree │ │ │ │ └── source-map@0.6.1
26 silly saveTree │ │ │ ├── commander@2.17.1
26 silly saveTree │ │ │ ├── he@1.2.0
26 silly saveTree │ │ │ ├── param-case@2.1.1
26 silly saveTree │ │ │ ├── relateurl@0.2.7
26 silly saveTree │ │ │ └─┬ uglify-js@3.4.10
26 silly saveTree │ │ │   ├── commander@2.19.0
26 silly saveTree │ │ │   └── source-map@0.6.1
26 silly saveTree │ │ ├─┬ loader-utils@0.2.17
26 silly saveTree │ │ │ ├── big.js@3.2.0
26 silly saveTree │ │ │ └── json5@0.5.1
26 silly saveTree │ │ ├─┬ pretty-error@2.1.1
26 silly saveTree │ │ │ ├─┬ renderkid@2.0.3
26 silly saveTree │ │ │ │ ├─┬ css-select@1.2.0
26 silly saveTree │ │ │ │ │ ├── css-what@2.1.3
26 silly saveTree │ │ │ │ │ └── domutils@1.5.1
26 silly saveTree │ │ │ │ ├─┬ dom-converter@0.2.0
26 silly saveTree │ │ │ │ │ └── utila@0.4.0
26 silly saveTree │ │ │ │ ├─┬ htmlparser2@3.10.1
26 silly saveTree │ │ │ │ │ ├── domhandler@2.4.2
26 silly saveTree │ │ │ │ │ ├── entities@1.1.2
26 silly saveTree │ │ │ │ │ └── readable-stream@3.4.0
26 silly saveTree │ │ │ │ ├─┬ strip-ansi@3.0.1
26 silly saveTree │ │ │ │ │ └── ansi-regex@2.1.1
26 silly saveTree │ │ │ │ └── utila@0.4.0
26 silly saveTree │ │ │ └── utila@0.4.0
26 silly saveTree │ │ └── toposort@1.0.7
26 silly saveTree │ ├── launch-editor-middleware@2.2.1
26 silly saveTree │ ├── lodash.defaultsdeep@4.6.1
26 silly saveTree │ ├── lodash.mapvalues@4.6.0
26 silly saveTree │ ├── lodash.transform@4.6.0
26 silly saveTree │ ├─┬ mini-css-extract-plugin@0.8.0
26 silly saveTree │ │ ├─┬ normalize-url@1.9.1
26 silly saveTree │ │ │ ├── prepend-http@1.0.4
26 silly saveTree │ │ │ ├─┬ query-string@4.3.4
26 silly saveTree │ │ │ │ └── strict-uri-encode@1.1.0
26 silly saveTree │ │ │ └─┬ sort-keys@1.1.2
26 silly saveTree │ │ │   └── is-plain-obj@1.1.0
26 silly saveTree │ │ └── schema-utils@1.0.0
26 silly saveTree │ ├─┬ portfinder@1.0.25
26 silly saveTree │ │ ├── async@2.6.3
26 silly saveTree │ │ └── debug@3.2.6
26 silly saveTree │ ├─┬ postcss-loader@3.0.0
26 silly saveTree │ │ ├─┬ postcss-load-config@2.1.0
26 silly saveTree │ │ │ └─┬ import-cwd@2.1.0
26 silly saveTree │ │ │   └── import-from@2.1.0
26 silly saveTree │ │ └── schema-utils@1.0.0
26 silly saveTree │ ├─┬ read-pkg@5.2.0
26 silly saveTree │ │ ├── @types/normalize-package-data@2.4.0
26 silly saveTree │ │ ├─┬ parse-json@5.0.0
26 silly saveTree │ │ │ └── lines-and-columns@1.1.6
26 silly saveTree │ │ └── type-fest@0.6.0
26 silly saveTree │ ├── semver@6.3.0
26 silly saveTree │ ├── slash@3.0.0
26 silly saveTree │ ├── string.prototype.padend@3.0.0
26 silly saveTree │ ├─┬ terser-webpack-plugin@2.2.2
26 silly saveTree │ │ ├─┬ cacache@13.0.1
26 silly saveTree │ │ │ ├─┬ fs-minipass@2.0.0
26 silly saveTree │ │ │ │ └─┬ minipass@3.1.1
26 silly saveTree │ │ │ │   └── yallist@4.0.0
26 silly saveTree │ │ │ ├── minipass-collect@1.0.2
26 silly saveTree │ │ │ ├── minipass-flush@1.0.5
26 silly saveTree │ │ │ ├── minipass-pipeline@1.2.2
26 silly saveTree │ │ │ ├── minipass@3.1.1
26 silly saveTree │ │ │ ├─┬ p-map@3.0.0
26 silly saveTree │ │ │ │ └─┬ aggregate-error@3.0.1
26 silly saveTree │ │ │ │   ├── clean-stack@2.2.0
26 silly saveTree │ │ │ │   └── indent-string@4.0.0
26 silly saveTree │ │ │ └── ssri@7.1.0
26 silly saveTree │ │ ├─┬ find-cache-dir@3.1.0
26 silly saveTree │ │ │ ├── make-dir@3.0.0
26 silly saveTree │ │ │ └─┬ pkg-dir@4.2.0
26 silly saveTree │ │ │   └─┬ find-up@4.1.0
26 silly saveTree │ │ │     ├─┬ locate-path@5.0.0
26 silly saveTree │ │ │     │ └── p-locate@4.1.0
26 silly saveTree │ │ │     └── path-exists@4.0.0
26 silly saveTree │ │ └── source-map@0.6.1
26 silly saveTree │ ├─┬ url-loader@2.3.0
26 silly saveTree │ │ └── mime@2.4.4
26 silly saveTree │ ├─┬ vue-loader@15.7.2
26 silly saveTree │ │ ├── vue-hot-reload-api@2.3.4
26 silly saveTree │ │ └── vue-style-loader@4.1.2
26 silly saveTree │ ├── vue-style-loader@4.1.2
26 silly saveTree │ ├─┬ webpack-bundle-analyzer@3.6.0
26 silly saveTree │ │ ├─┬ bfj@6.1.2
26 silly saveTree │ │ │ ├── check-types@8.0.3
26 silly saveTree │ │ │ ├── hoopy@0.1.4
26 silly saveTree │ │ │ └── tryer@1.0.1
26 silly saveTree │ │ ├── ejs@2.7.4
26 silly saveTree │ │ ├─┬ express@4.17.1
26 silly saveTree │ │ │ ├─┬ accepts@1.3.7
26 silly saveTree │ │ │ │ └── negotiator@0.6.2
26 silly saveTree │ │ │ ├── array-flatten@1.1.1
26 silly saveTree │ │ │ ├─┬ body-parser@1.19.0
26 silly saveTree │ │ │ │ ├── bytes@3.1.0
26 silly saveTree │ │ │ │ ├── content-type@1.0.4
26 silly saveTree │ │ │ │ ├─┬ debug@2.6.9
26 silly saveTree │ │ │ │ │ └── ms@2.0.0
26 silly saveTree │ │ │ │ ├── depd@1.1.2
26 silly saveTree │ │ │ │ ├─┬ http-errors@1.7.2
26 silly saveTree │ │ │ │ │ ├── inherits@2.0.3
26 silly saveTree │ │ │ │ │ ├── setprototypeof@1.1.1
26 silly saveTree │ │ │ │ │ ├── statuses@1.5.0
26 silly saveTree │ │ │ │ │ └── toidentifier@1.0.0
26 silly saveTree │ │ │ │ ├─┬ on-finished@2.3.0
26 silly saveTree │ │ │ │ │ └── ee-first@1.1.1
26 silly saveTree │ │ │ │ ├── qs@6.7.0
26 silly saveTree │ │ │ │ ├─┬ raw-body@2.4.0
26 silly saveTree │ │ │ │ │ └── unpipe@1.0.0
26 silly saveTree │ │ │ │ └─┬ type-is@1.6.18
26 silly saveTree │ │ │ │   └── media-typer@0.3.0
26 silly saveTree │ │ │ ├── content-disposition@0.5.3
26 silly saveTree │ │ │ ├── content-type@1.0.4
26 silly saveTree │ │ │ ├── cookie-signature@1.0.6
26 silly saveTree │ │ │ ├── cookie@0.4.0
26 silly saveTree │ │ │ ├─┬ debug@2.6.9
26 silly saveTree │ │ │ │ └── ms@2.0.0
26 silly saveTree │ │ │ ├── depd@1.1.2
26 silly saveTree │ │ │ ├── encodeurl@1.0.2
26 silly saveTree │ │ │ ├── escape-html@1.0.3
26 silly saveTree │ │ │ ├── etag@1.8.1
26 silly saveTree │ │ │ ├─┬ finalhandler@1.1.2
26 silly saveTree │ │ │ │ ├─┬ debug@2.6.9
26 silly saveTree │ │ │ │ │ └── ms@2.0.0
26 silly saveTree │ │ │ │ └── parseurl@1.3.3
26 silly saveTree │ │ │ ├── fresh@0.5.2
26 silly saveTree │ │ │ ├── merge-descriptors@1.0.1
26 silly saveTree │ │ │ ├── methods@1.1.2
26 silly saveTree │ │ │ ├── on-finished@2.3.0
26 silly saveTree │ │ │ ├── parseurl@1.3.3
26 silly saveTree │ │ │ ├── path-to-regexp@0.1.7
26 silly saveTree │ │ │ ├─┬ proxy-addr@2.0.5
26 silly saveTree │ │ │ │ ├── forwarded@0.1.2
26 silly saveTree │ │ │ │ └── ipaddr.js@1.9.0
26 silly saveTree │ │ │ ├── qs@6.7.0
26 silly saveTree │ │ │ ├── range-parser@1.2.1
26 silly saveTree │ │ │ ├─┬ send@0.17.1
26 silly saveTree │ │ │ │ ├─┬ debug@2.6.9
26 silly saveTree │ │ │ │ │ └── ms@2.0.0
26 silly saveTree │ │ │ │ ├── destroy@1.0.4
26 silly saveTree │ │ │ │ ├── mime@1.6.0
26 silly saveTree │ │ │ │ └── ms@2.1.1
26 silly saveTree │ │ │ ├── serve-static@1.14.1
26 silly saveTree │ │ │ ├── setprototypeof@1.1.1
26 silly saveTree │ │ │ ├── statuses@1.5.0
26 silly saveTree │ │ │ ├── type-is@1.6.18
26 silly saveTree │ │ │ ├── utils-merge@1.0.1
26 silly saveTree │ │ │ └── vary@1.1.2
26 silly saveTree │ │ ├── filesize@3.6.1
26 silly saveTree │ │ ├─┬ gzip-size@5.1.1
26 silly saveTree │ │ │ └── duplexer@0.1.1
26 silly saveTree │ │ ├── opener@1.5.1
26 silly saveTree │ │ └── ws@6.2.1
26 silly saveTree │ ├─┬ webpack-chain@6.0.0
26 silly saveTree │ │ ├── deepmerge@1.5.2
26 silly saveTree │ │ └── javascript-stringify@2.0.1
26 silly saveTree │ ├─┬ webpack-dev-server@3.9.0
26 silly saveTree │ │ ├── ansi-html@0.0.7
26 silly saveTree │ │ ├─┬ bonjour@3.5.0
26 silly saveTree │ │ │ ├── array-flatten@2.1.2
26 silly saveTree │ │ │ ├─┬ deep-equal@1.1.1
26 silly saveTree │ │ │ │ ├── is-arguments@1.0.4
26 silly saveTree │ │ │ │ ├── object-is@1.0.1
26 silly saveTree │ │ │ │ └── regexp.prototype.flags@1.2.0
26 silly saveTree │ │ │ ├── dns-equal@1.0.0
26 silly saveTree │ │ │ ├─┬ dns-txt@2.0.2
26 silly saveTree │ │ │ │ └── buffer-indexof@1.1.1
26 silly saveTree │ │ │ ├── multicast-dns-service-types@1.1.0
26 silly saveTree │ │ │ └─┬ multicast-dns@6.2.3
26 silly saveTree │ │ │   ├─┬ dns-packet@1.3.1
26 silly saveTree │ │ │   │ └── ip@1.1.5
26 silly saveTree │ │ │   └── thunky@1.1.0
26 silly saveTree │ │ ├─┬ compression@1.7.4
26 silly saveTree │ │ │ ├── bytes@3.0.0
26 silly saveTree │ │ │ ├── compressible@2.0.17
26 silly saveTree │ │ │ ├─┬ debug@2.6.9
26 silly saveTree │ │ │ │ └── ms@2.0.0
26 silly saveTree │ │ │ └── on-headers@1.0.2
26 silly saveTree │ │ ├── connect-history-api-fallback@1.6.0
26 silly saveTree │ │ ├─┬ del@4.1.1
26 silly saveTree │ │ │ ├─┬ globby@6.1.0
26 silly saveTree │ │ │ │ └── pify@2.3.0
26 silly saveTree │ │ │ ├── is-path-cwd@2.2.0
26 silly saveTree │ │ │ ├─┬ is-path-in-cwd@2.1.0
26 silly saveTree │ │ │ │ └─┬ is-path-inside@2.1.0
26 silly saveTree │ │ │ │   └── path-is-inside@1.0.2
26 silly saveTree │ │ │ └── p-map@2.1.0
26 silly saveTree │ │ ├── html-entities@1.2.1
26 silly saveTree │ │ ├─┬ http-proxy-middleware@0.19.1
26 silly saveTree │ │ │ └─┬ http-proxy@1.18.0
26 silly saveTree │ │ │   ├── eventemitter3@4.0.0
26 silly saveTree │ │ │   ├─┬ follow-redirects@1.9.0
26 silly saveTree │ │ │   │ └── debug@3.2.6
26 silly saveTree │ │ │   └── requires-port@1.0.0
26 silly saveTree │ │ ├─┬ internal-ip@4.3.0
26 silly saveTree │ │ │ └── default-gateway@4.2.0
26 silly saveTree │ │ ├── ip@1.1.5
26 silly saveTree │ │ ├── is-absolute-url@3.0.3
26 silly saveTree │ │ ├── killable@1.0.1
26 silly saveTree │ │ ├── loglevel@1.6.6
26 silly saveTree │ │ ├── opn@5.5.0
26 silly saveTree │ │ ├─┬ p-retry@3.0.1
26 silly saveTree │ │ │ └── retry@0.12.0
26 silly saveTree │ │ ├── schema-utils@1.0.0
26 silly saveTree │ │ ├─┬ selfsigned@1.10.7
26 silly saveTree │ │ │ └── node-forge@0.9.0
26 silly saveTree │ │ ├── semver@6.3.0
26 silly saveTree │ │ ├─┬ serve-index@1.9.1
26 silly saveTree │ │ │ ├── batch@0.6.1
26 silly saveTree │ │ │ ├─┬ debug@2.6.9
26 silly saveTree │ │ │ │ └── ms@2.0.0
26 silly saveTree │ │ │ └─┬ http-errors@1.6.3
26 silly saveTree │ │ │   ├── inherits@2.0.3
26 silly saveTree │ │ │   └── setprototypeof@1.1.0
26 silly saveTree │ │ ├─┬ sockjs-client@1.4.0
26 silly saveTree │ │ │ ├── debug@3.2.6
26 silly saveTree │ │ │ ├─┬ eventsource@1.0.7
26 silly saveTree │ │ │ │ └─┬ original@1.0.2
26 silly saveTree │ │ │ │   └─┬ url-parse@1.4.7
26 silly saveTree │ │ │ │     └── querystringify@2.1.1
26 silly saveTree │ │ │ ├─┬ faye-websocket@0.11.3
26 silly saveTree │ │ │ │ └─┬ websocket-driver@0.7.3
26 silly saveTree │ │ │ │   ├── http-parser-js@0.4.10
26 silly saveTree │ │ │ │   └── websocket-extensions@0.1.3
26 silly saveTree │ │ │ ├── json3@3.3.3
26 silly saveTree │ │ │ └── url-parse@1.4.7
26 silly saveTree │ │ ├─┬ sockjs@0.3.19
26 silly saveTree │ │ │ └── faye-websocket@0.10.0
26 silly saveTree │ │ ├─┬ spdy@4.0.1
26 silly saveTree │ │ │ ├── handle-thing@2.0.0
26 silly saveTree │ │ │ ├── http-deceiver@1.2.7
26 silly saveTree │ │ │ ├── select-hose@2.0.0
26 silly saveTree │ │ │ └─┬ spdy-transport@3.0.0
26 silly saveTree │ │ │   ├── detect-node@2.0.4
26 silly saveTree │ │ │   ├─┬ hpack.js@2.1.6
26 silly saveTree │ │ │   │ ├── obuf@1.1.2
26 silly saveTree │ │ │   │ └── wbuf@1.7.3
26 silly saveTree │ │ │   ├── obuf@1.1.2
26 silly saveTree │ │ │   ├── readable-stream@3.4.0
26 silly saveTree │ │ │   └── wbuf@1.7.3
26 silly saveTree │ │ ├─┬ strip-ansi@3.0.1
26 silly saveTree │ │ │ └── ansi-regex@2.1.1
26 silly saveTree │ │ ├── supports-color@6.1.0
26 silly saveTree │ │ ├── webpack-dev-middleware@3.7.2
26 silly saveTree │ │ ├── ws@6.2.1
26 silly saveTree │ │ └─┬ yargs@12.0.5
26 silly saveTree │ │   ├─┬ cliui@4.1.0
26 silly saveTree │ │   │ ├─┬ string-width@2.1.1
26 silly saveTree │ │   │ │ └─┬ strip-ansi@4.0.0
26 silly saveTree │ │   │ │   └── ansi-regex@3.0.0
26 silly saveTree │ │   │ ├─┬ strip-ansi@4.0.0
26 silly saveTree │ │   │ │ └── ansi-regex@3.0.0
26 silly saveTree │ │   │ └─┬ wrap-ansi@2.1.0
26 silly saveTree │ │   │   └─┬ string-width@1.0.2
26 silly saveTree │ │   │     ├── code-point-at@1.1.0
26 silly saveTree │ │   │     └─┬ is-fullwidth-code-point@1.0.0
26 silly saveTree │ │   │       └── number-is-nan@1.0.1
26 silly saveTree │ │   ├── get-caller-file@1.0.3
26 silly saveTree │ │   ├─┬ os-locale@3.1.0
26 silly saveTree │ │   │ ├─┬ lcid@2.0.0
26 silly saveTree │ │   │ │ └── invert-kv@2.0.0
26 silly saveTree │ │   │ └─┬ mem@4.3.0
26 silly saveTree │ │   │   ├─┬ map-age-cleaner@0.1.3
26 silly saveTree │ │   │   │ └── p-defer@1.0.0
26 silly saveTree │ │   │   ├── mimic-fn@2.1.0
26 silly saveTree │ │   │   └── p-is-promise@2.1.0
26 silly saveTree │ │   ├── require-main-filename@1.0.1
26 silly saveTree │ │   ├── string-width@2.1.1
26 silly saveTree │ │   └── yargs-parser@11.1.1
26 silly saveTree │ └── webpack-merge@4.2.2
26 silly saveTree ├─┬ @vue/eslint-config-prettier@5.1.0
26 silly saveTree │ └─┬ eslint-config-prettier@6.7.0
26 silly saveTree │   └── get-stdin@6.0.0
26 silly saveTree ├─┬ @vue/eslint-config-typescript@4.0.0
26 silly saveTree │ ├─┬ @typescript-eslint/eslint-plugin@1.13.0
26 silly saveTree │ │ ├─┬ @typescript-eslint/experimental-utils@1.13.0
26 silly saveTree │ │ │ ├── @types/json-schema@7.0.3
26 silly saveTree │ │ │ └─┬ @typescript-eslint/typescript-estree@1.13.0
26 silly saveTree │ │ │   ├── lodash.unescape@4.0.1
26 silly saveTree │ │ │   └── semver@5.5.0
26 silly saveTree │ │ ├─┬ eslint-utils@1.4.3
26 silly saveTree │ │ │ └── eslint-visitor-keys@1.1.0
26 silly saveTree │ │ ├── functional-red-black-tree@1.0.1
26 silly saveTree │ │ ├── regexpp@2.0.1
26 silly saveTree │ │ └── tsutils@3.17.1
26 silly saveTree │ └─┬ @typescript-eslint/parser@1.13.0
26 silly saveTree │   └── @types/eslint-visitor-keys@1.0.0
26 silly saveTree ├─┬ @vue/test-utils@1.0.0-beta.29
26 silly saveTree │ └── dom-event-types@1.0.0
26 silly saveTree ├─┬ axios@0.19.0
26 silly saveTree │ ├─┬ follow-redirects@1.5.10
26 silly saveTree │ │ └─┬ debug@3.1.0
26 silly saveTree │ │   └── ms@2.0.0
26 silly saveTree │ └── is-buffer@2.0.4
26 silly saveTree ├── core-js@3.4.7
26 silly saveTree ├─┬ element-ui@2.13.0
26 silly saveTree │ ├── async-validator@1.8.5
26 silly saveTree │ ├── babel-helper-vue-jsx-merge-props@2.0.3
26 silly saveTree │ ├── deepmerge@1.5.2
26 silly saveTree │ ├── normalize-wheel@1.0.1
26 silly saveTree │ ├── resize-observer-polyfill@1.5.1
26 silly saveTree │ └── throttle-debounce@1.1.0
26 silly saveTree ├─┬ eslint-plugin-prettier@3.1.1
26 silly saveTree │ └─┬ prettier-linter-helpers@1.0.0
26 silly saveTree │   └── fast-diff@1.2.0
26 silly saveTree ├─┬ eslint-plugin-vue@5.2.3
26 silly saveTree │ └─┬ vue-eslint-parser@5.0.0
26 silly saveTree │   ├─┬ espree@4.1.0
26 silly saveTree │   │ └── acorn-jsx@5.1.0
26 silly saveTree │   └── esquery@1.0.1
26 silly saveTree ├─┬ eslint@5.16.0
26 silly saveTree │ ├── doctrine@3.0.0
26 silly saveTree │ ├── espree@5.0.1
26 silly saveTree │ ├─┬ file-entry-cache@5.0.1
26 silly saveTree │ │ └─┬ flat-cache@2.0.1
26 silly saveTree │ │   ├── flatted@2.0.1
26 silly saveTree │ │   ├── rimraf@2.6.3
26 silly saveTree │ │   └── write@1.0.3
26 silly saveTree │ ├─┬ import-fresh@3.2.1
26 silly saveTree │ │ ├── parent-module@1.0.1
26 silly saveTree │ │ └── resolve-from@4.0.0
26 silly saveTree │ ├─┬ inquirer@6.5.2
26 silly saveTree │ │ ├── cli-width@2.2.0
26 silly saveTree │ │ ├─┬ external-editor@3.1.0
26 silly saveTree │ │ │ ├── chardet@0.7.0
26 silly saveTree │ │ │ └── tmp@0.0.33
26 silly saveTree │ │ ├── figures@2.0.0
26 silly saveTree │ │ ├── mute-stream@0.0.7
26 silly saveTree │ │ ├─┬ run-async@2.3.0
26 silly saveTree │ │ │ └── is-promise@2.1.0
26 silly saveTree │ │ ├── rxjs@6.5.3
26 silly saveTree │ │ ├─┬ string-width@2.1.1
26 silly saveTree │ │ │ └─┬ strip-ansi@4.0.0
26 silly saveTree │ │ │   └── ansi-regex@3.0.0
26 silly saveTree │ │ ├─┬ strip-ansi@5.2.0
26 silly saveTree │ │ │ └── ansi-regex@4.1.0
26 silly saveTree │ │ └── through@2.3.8
26 silly saveTree │ ├── json-stable-stringify-without-jsonify@1.0.1
26 silly saveTree │ ├── progress@2.0.3
26 silly saveTree │ ├─┬ strip-ansi@4.0.0
26 silly saveTree │ │ └── ansi-regex@3.0.0
26 silly saveTree │ ├─┬ table@5.4.6
26 silly saveTree │ │ └── slice-ansi@2.1.0
26 silly saveTree │ └── text-table@0.2.0
26 silly saveTree ├── normalize.css@8.0.1
26 silly saveTree ├── nprogress@0.2.0
26 silly saveTree ├── prettier@1.19.1
26 silly saveTree ├── register-service-worker@1.6.2
26 silly saveTree ├─┬ sass-loader@8.0.0
26 silly saveTree │ ├─┬ clone-deep@4.0.1
26 silly saveTree │ │ └── shallow-clone@3.0.1
26 silly saveTree │ └── semver@6.3.0
26 silly saveTree ├── sass@1.23.7
26 silly saveTree ├── typescript@3.5.3
26 silly saveTree ├── vue-axios@2.1.5
26 silly saveTree ├── vue-class-component@7.1.0
26 silly saveTree ├── vue-property-decorator@8.3.0
26 silly saveTree ├── vue-router@3.1.3
26 silly saveTree ├─┬ vue-svgicon@3.2.6
26 silly saveTree │ ├── colors@1.4.0
26 silly saveTree │ ├─┬ fs-plus@3.1.1
26 silly saveTree │ │ ├── async@1.5.2
26 silly saveTree │ │ └─┬ underscore-plus@1.7.0
26 silly saveTree │ │   └── underscore@1.9.1
26 silly saveTree │ └─┬ yargs@12.0.5
26 silly saveTree │   ├─┬ cliui@4.1.0
26 silly saveTree │   │ ├─┬ string-width@2.1.1
26 silly saveTree │   │ │ └─┬ strip-ansi@4.0.0
26 silly saveTree │   │ │   └── ansi-regex@3.0.0
26 silly saveTree │   │ ├── strip-ansi@4.0.0
26 silly saveTree │   │ └─┬ wrap-ansi@2.1.0
26 silly saveTree │   │   ├─┬ string-width@1.0.2
26 silly saveTree │   │   │ ├── is-fullwidth-code-point@1.0.0
26 silly saveTree │   │   │ └─┬ strip-ansi@3.0.1
26 silly saveTree │   │   │   └── ansi-regex@2.1.1
26 silly saveTree │   │   └── strip-ansi@3.0.1
26 silly saveTree │   ├── get-caller-file@1.0.3
26 silly saveTree │   ├── require-main-filename@1.0.1
26 silly saveTree │   ├── string-width@2.1.1
26 silly saveTree │   └── yargs-parser@11.1.1
26 silly saveTree ├─┬ vue-template-compiler@2.6.10
26 silly saveTree │ └── de-indent@1.0.2
26 silly saveTree ├── vue@2.6.10
26 silly saveTree ├── vuex-class@0.3.2
26 silly saveTree ├── vuex-module-decorators@0.11.0
26 silly saveTree └── vuex@3.1.2
27 verbose type range
28 verbose stack js-cookie: No matching version found for js-cookie@^2.2.4.
28 verbose stack     at pickManifest (/usr/local/lib/node_modules/npm/node_modules/npm-pick-manifest/index.js:122:13)
28 verbose stack     at fetchPackument.then.packument (/usr/local/lib/node_modules/npm/node_modules/pacote/lib/fetchers/registry/manifest.js:43:18)
28 verbose stack     at tryCatcher (/usr/local/lib/node_modules/npm/node_modules/bluebird/js/release/util.js:16:23)
28 verbose stack     at Promise._settlePromiseFromHandler (/usr/local/lib/node_modules/npm/node_modules/bluebird/js/release/promise.js:517:31)
28 verbose stack     at Promise._settlePromise (/usr/local/lib/node_modules/npm/node_modules/bluebird/js/release/promise.js:574:18)
28 verbose stack     at Promise._settlePromise0 (/usr/local/lib/node_modules/npm/node_modules/bluebird/js/release/promise.js:619:10)
28 verbose stack     at Promise._settlePromises (/usr/local/lib/node_modules/npm/node_modules/bluebird/js/release/promise.js:699:18)
28 verbose stack     at _drainQueueStep (/usr/local/lib/node_modules/npm/node_modules/bluebird/js/release/async.js:138:12)
28 verbose stack     at _drainQueue (/usr/local/lib/node_modules/npm/node_modules/bluebird/js/release/async.js:131:9)
28 verbose stack     at Async._drainQueues (/usr/local/lib/node_modules/npm/node_modules/bluebird/js/release/async.js:147:5)
28 verbose stack     at Immediate.Async.drainQueues [as _onImmediate] (/usr/local/lib/node_modules/npm/node_modules/bluebird/js/release/async.js:17:14)
28 verbose stack     at runCallback (timers.js:705:18)
28 verbose stack     at tryOnImmediate (timers.js:676:5)
28 verbose stack     at processImmediate (timers.js:658:5)
29 verbose cwd /Users/cloudy/Applications/typescript/vue-app-typescript
30 verbose Darwin 19.0.0
31 verbose argv "/usr/local/bin/node" "/usr/local/lib/node_modules/npm/bin/npm-cli.js" "install" "--scripts-prepend-node-path=auto"
32 verbose node v10.16.3
33 verbose npm  v6.13.2
34 error code ETARGET
35 error notarget No matching version found for js-cookie@^2.2.4.
36 error notarget In most cases you or one of your dependencies are requesting
36 error notarget a package version that doesn't exist.
36 error notarget
36 error notarget It was specified as a dependency of 'vue-app-typescript'
37 verbose exit [ 1, true ]
