0 info it worked if it ends with ok
1 verbose cli [ '/usr/local/bin/node',
1 verbose cli   '/usr/local/bin/npm',
1 verbose cli   'install',
1 verbose cli   'js-cookie' ]
2 info using npm@6.13.2
3 info using node@v10.16.3
4 verbose npm-session cb7200ac0e8308a1
5 silly install loadCurrentTree
6 silly install readLocalPackageData
7 http fetch GET 200 https://registry.npm.taobao.org/js-cookie 187ms
8 silly fetchPackageMetaData error for js-cookie@^2.2.4 No matching version found for js-cookie@^2.2.4.
9 timing stage:rollbackFailedOptional Completed in 0ms
10 timing stage:runTopLevelLifecycles Completed in 1268ms
11 verbose type range
12 verbose stack js-cookie: No matching version found for js-cookie@^2.2.4.
12 verbose stack     at pickManifest (/usr/local/lib/node_modules/npm/node_modules/npm-pick-manifest/index.js:122:13)
12 verbose stack     at fetchPackument.then.packument (/usr/local/lib/node_modules/npm/node_modules/pacote/lib/fetchers/registry/manifest.js:24:14)
12 verbose stack     at tryCatcher (/usr/local/lib/node_modules/npm/node_modules/bluebird/js/release/util.js:16:23)
12 verbose stack     at Promise._settlePromiseFromHandler (/usr/local/lib/node_modules/npm/node_modules/bluebird/js/release/promise.js:517:31)
12 verbose stack     at Promise._settlePromise (/usr/local/lib/node_modules/npm/node_modules/bluebird/js/release/promise.js:574:18)
12 verbose stack     at Promise._settlePromise0 (/usr/local/lib/node_modules/npm/node_modules/bluebird/js/release/promise.js:619:10)
12 verbose stack     at Promise._settlePromises (/usr/local/lib/node_modules/npm/node_modules/bluebird/js/release/promise.js:699:18)
12 verbose stack     at _drainQueueStep (/usr/local/lib/node_modules/npm/node_modules/bluebird/js/release/async.js:138:12)
12 verbose stack     at _drainQueue (/usr/local/lib/node_modules/npm/node_modules/bluebird/js/release/async.js:131:9)
12 verbose stack     at Async._drainQueues (/usr/local/lib/node_modules/npm/node_modules/bluebird/js/release/async.js:147:5)
12 verbose stack     at Immediate.Async.drainQueues [as _onImmediate] (/usr/local/lib/node_modules/npm/node_modules/bluebird/js/release/async.js:17:14)
12 verbose stack     at runCallback (timers.js:705:18)
12 verbose stack     at tryOnImmediate (timers.js:676:5)
12 verbose stack     at processImmediate (timers.js:658:5)
13 verbose cwd /Users/cloudy/Applications/typescript/vue-app-typescript
14 verbose Darwin 19.0.0
15 verbose argv "/usr/local/bin/node" "/usr/local/bin/npm" "install" "js-cookie"
16 verbose node v10.16.3
17 verbose npm  v6.13.2
18 error code ETARGET
19 error notarget No matching version found for js-cookie@^2.2.4.
20 error notarget In most cases you or one of your dependencies are requesting
20 error notarget a package version that doesn't exist.
21 verbose exit [ 1, true ]
